<?xml version="1.0" encoding="UTF-8"?>
<robot generator="Robot 4.0a2 (Python 3.9.0 on win32)" generated="20201211 13:00:36.080" rpa="false">
<suite id="s1" name="FunctionalTestCases" source="C:\Users\ccordero\Desktop\Work\RobotFramework\Workspace\UOBOneView\Tests\TestCases\FunctionalTestCases.robot">
<test id="s1-t1" name="OUBOV_TC_01_Buy Put Option Double Knout Out FXO">
<kw name="Set Automation Suite" library="Login" type="setup">
<kw name="Create Webdriver" library="SeleniumLibrary">
<doc>Creates an instance of Selenium WebDriver.</doc>
<arguments>
<arg>Chrome</arg>
<arg>executable_path=${drivers}\\chromedriver.exe</arg>
</arguments>
<msg timestamp="20201211 13:00:37.723" level="INFO">Creating an instance of the Chrome WebDriver.</msg>
<status status="PASS" starttime="20201211 13:00:37.723" endtime="20201211 13:00:41.158"></status>
</kw>
<kw name="Maximize Browser Window" library="SeleniumLibrary">
<doc>Maximizes current browser window.</doc>
<status status="PASS" starttime="20201211 13:00:41.158" endtime="20201211 13:00:43.326"></status>
</kw>
<kw name="Log To Console" library="BuiltIn">
<doc>Logs the given message to the console.</doc>
<arguments>
<arg>\nTest Document: ${TEST DOCUMENTATION}</arg>
</arguments>
<status status="PASS" starttime="20201211 13:00:43.326" endtime="20201211 13:00:43.326"></status>
</kw>
<kw name="Set Report Header" library="ReportMaker">
<arguments>
<arg>${TESTNAME}</arg>
</arguments>
<status status="PASS" starttime="20201211 13:00:43.326" endtime="20201211 13:00:43.360"></status>
</kw>
<kw name="Set Test summary" library="Login">
<arguments>
<arg>${TEST DOCUMENTATION}</arg>
</arguments>
<kw name="Put Text" library="ReportMaker">
<arguments>
<arg>${TEST DOCUMENTATION}</arg>
</arguments>
<status status="PASS" starttime="20201211 13:00:43.361" endtime="20201211 13:00:43.361"></status>
</kw>
<status status="PASS" starttime="20201211 13:00:43.360" endtime="20201211 13:00:43.362"></status>
</kw>
<kw name="Set Directory" library="Login">
<kw name="Catenate" library="BuiltIn">
<doc>Catenates the given items together and returns the resulted string.</doc>
<arguments>
<arg>${report_folder}${timestamp}\\${TESTNAME}</arg>
</arguments>
<assign>
<var>${filePath}</var>
</assign>
<msg timestamp="20201211 13:00:43.362" level="INFO">${filePath} = C:\Users\ccordero\Desktop\Work\RobotFramework\Workspace\UOBOneView\Resource\..\Test Execution\12-11-20_01-00-36-PM\OUBOV_TC_01_Buy Put Option Double Knout Out FXO</msg>
<status status="PASS" starttime="20201211 13:00:43.362" endtime="20201211 13:00:43.363"></status>
</kw>
<kw name="Set Suite Variable" library="BuiltIn">
<doc>Makes a variable available everywhere within the scope of the current suite.</doc>
<arguments>
<arg>${getFilePath}</arg>
<arg>${filePath}</arg>
</arguments>
<msg timestamp="20201211 13:00:43.366" level="INFO">${getFilePath} = C:\Users\ccordero\Desktop\Work\RobotFramework\Workspace\UOBOneView\Resource\..\Test Execution\12-11-20_01-00-36-PM\OUBOV_TC_01_Buy Put Option Double Knout Out FXO</msg>
<status status="PASS" starttime="20201211 13:00:43.363" endtime="20201211 13:00:43.367"></status>
</kw>
<kw name="Set Screenshot Directory" library="SeleniumLibrary">
<doc>Sets the directory for captured screenshots.</doc>
<arguments>
<arg>${getFilePath}</arg>
</arguments>
<status status="PASS" starttime="20201211 13:00:43.367" endtime="20201211 13:00:43.368"></status>
</kw>
<status status="PASS" starttime="20201211 13:00:43.362" endtime="20201211 13:00:43.368"></status>
</kw>
<status status="PASS" starttime="20201211 13:00:37.722" endtime="20201211 13:00:43.368"></status>
</kw>
<kw name="Signin as 'SCA User' in UOB WUI" library="LoginKeywords">
<kw name="Open Chrome Browser To UOB TAP WUI Dev Environment" library="Login">
<kw name="Go To" library="SeleniumLibrary">
<doc>Navigates the current browser window to the provided ``url``.</doc>
<arguments>
<arg>${UOBTAPWUI}</arg>
</arguments>
<msg timestamp="20201211 13:00:43.371" level="INFO">Opening url 'http://172.31.31.222:15050/wui/login'</msg>
<status status="PASS" starttime="20201211 13:00:43.370" endtime="20201211 13:00:48.868"></status>
</kw>
<kw name="Set Selenium Implicit Wait" library="SeleniumLibrary">
<doc>Sets the implicit wait value used by Selenium.</doc>
<arguments>
<arg>10s</arg>
</arguments>
<status status="PASS" starttime="20201211 13:00:48.869" endtime="20201211 13:00:48.871"></status>
</kw>
<status status="PASS" starttime="20201211 13:00:43.370" endtime="20201211 13:00:48.872"></status>
</kw>
<kw name="Signin as" library="Login">
<arguments>
<arg>${userType}</arg>
</arguments>
<kw name="Get Cell Text" library="Utilities">
<doc> get cell text using row heading and column heading index and trim as needed
 Example:
| Get Cell Text  | excelPATH |  sheet1  | Admin  |  UserName |
| Get Cell Text  | excelPATH |  sheet1  | Admin  |  UserName |   3</doc>
<arguments>
<arg>${testdata}</arg>
<arg>Credentials</arg>
<arg>${userType}</arg>
<arg>UserName</arg>
</arguments>
<assign>
<var>${UOBWUIUsername}</var>
</assign>
<msg timestamp="20201211 13:00:48.888" level="INFO">${UOBWUIUsername} = wui_sca</msg>
<status status="PASS" starttime="20201211 13:00:48.873" endtime="20201211 13:00:48.888"></status>
</kw>
<kw name="Get Cell Text" library="Utilities">
<doc> get cell text using row heading and column heading index and trim as needed
 Example:
| Get Cell Text  | excelPATH |  sheet1  | Admin  |  UserName |
| Get Cell Text  | excelPATH |  sheet1  | Admin  |  UserName |   3</doc>
<arguments>
<arg>${testdata}</arg>
<arg>Credentials</arg>
<arg>${userType}</arg>
<arg>PassWord</arg>
</arguments>
<assign>
<var>${UOBWUIPassword}</var>
</assign>
<msg timestamp="20201211 13:00:48.901" level="INFO">${UOBWUIPassword} = wui_sca</msg>
<status status="PASS" starttime="20201211 13:00:48.888" endtime="20201211 13:00:48.901"></status>
</kw>
<kw name="Input Text" library="SeleniumLibrary">
<doc>Types the given ``text`` into the text field identified by ``locator``.</doc>
<arguments>
<arg>${UsernameInputBox}</arg>
<arg>${UOBWUIUsername}</arg>
</arguments>
<msg timestamp="20201211 13:00:48.901" level="INFO">Typing text 'wui_sca' into text field 'name:j_username'.</msg>
<status status="PASS" starttime="20201211 13:00:48.901" endtime="20201211 13:00:48.978"></status>
</kw>
<kw name="Input Text" library="SeleniumLibrary">
<doc>Types the given ``text`` into the text field identified by ``locator``.</doc>
<arguments>
<arg>${PasswordInputBox}</arg>
<arg>${UOBWUIPassword}</arg>
</arguments>
<msg timestamp="20201211 13:00:48.979" level="INFO">Typing text 'wui_sca' into text field 'name:j_password'.</msg>
<status status="PASS" starttime="20201211 13:00:48.979" endtime="20201211 13:00:49.081"></status>
</kw>
<kw name="Click Button" library="SeleniumLibrary">
<doc>Clicks the button identified by ``locator``.</doc>
<arguments>
<arg>${SignInButton}</arg>
</arguments>
<msg timestamp="20201211 13:00:49.081" level="INFO">Clicking button 'xpath://button[@id='but_login']'.</msg>
<status status="PASS" starttime="20201211 13:00:49.081" endtime="20201211 13:00:54.807"></status>
</kw>
<status status="PASS" starttime="20201211 13:00:48.872" endtime="20201211 13:00:54.807"></status>
</kw>
<status status="PASS" starttime="20201211 13:00:43.369" endtime="20201211 13:00:54.808"></status>
</kw>
<kw name="Create Buy Put Option Double Knout Out FXO transaction" library="OrderMngmtKeywords">
<kw name="Create FX Options Order" library="OrderMngmt">
<kw name="Focus element into view by jS" library="Login">
<arguments>
<arg>${PortfolioAnalysisjs}</arg>
</arguments>
<kw name="Execute Javascript" library="SeleniumLibrary">
<doc>Executes the given JavaScript code with possible arguments.</doc>
<arguments>
<arg>window.document.evaluate("${xpath}", document, null, XPathResult.FIRST_ORDERED_NODE_TYPE, null).singleNodeValue.scrollIntoView(true);</arg>
</arguments>
<msg timestamp="20201211 13:00:54.811" level="INFO">Executing JavaScript:
window.document.evaluate("//span[text()='Portfolio Analysis']", document, null, XPathResult.FIRST_ORDERED_NODE_TYPE, null).singleNodeValue.scrollIntoView(true);
Without any arguments.</msg>
<status status="PASS" starttime="20201211 13:00:54.811" endtime="20201211 13:00:54.817"></status>
</kw>
<status status="PASS" starttime="20201211 13:00:54.810" endtime="20201211 13:00:54.817"></status>
</kw>
<kw name="Click Element" library="SeleniumLibrary">
<doc>Click the element identified by ``locator``.</doc>
<arguments>
<arg>${PortfolioAnalysis}</arg>
</arguments>
<msg timestamp="20201211 13:00:54.817" level="INFO">Clicking element 'xpath://span[text()='Portfolio Analysis']'.</msg>
<status status="PASS" starttime="20201211 13:00:54.817" endtime="20201211 13:00:55.710"></status>
</kw>
<kw name="Mouse Over" library="SeleniumLibrary">
<doc>Simulates hovering the mouse over the element ``locator``.</doc>
<arguments>
<arg>${OrderManagement}</arg>
</arguments>
<msg timestamp="20201211 13:00:55.710" level="INFO">Simulating Mouse Over on element 'xpath://span[@id='M2_3']'.</msg>
<status status="PASS" starttime="20201211 13:00:55.710" endtime="20201211 13:00:55.994"></status>
</kw>
<kw name="Mouse Over" library="SeleniumLibrary">
<doc>Simulates hovering the mouse over the element ``locator``.</doc>
<arguments>
<arg>${CreateSingleOrder}</arg>
</arguments>
<msg timestamp="20201211 13:00:55.995" level="INFO">Simulating Mouse Over on element 'xpath://span[@id='M2_3_1']'.</msg>
<status status="PASS" starttime="20201211 13:00:55.994" endtime="20201211 13:00:56.293"></status>
</kw>
<kw name="Mouse Over" library="SeleniumLibrary">
<doc>Simulates hovering the mouse over the element ``locator``.</doc>
<arguments>
<arg>${Options}</arg>
</arguments>
<msg timestamp="20201211 13:00:56.294" level="INFO">Simulating Mouse Over on element 'xpath://span[@id='M2_3_1_28']'.</msg>
<status status="PASS" starttime="20201211 13:00:56.294" endtime="20201211 13:00:56.605"></status>
</kw>
<kw name="Click Element" library="SeleniumLibrary">
<doc>Click the element identified by ``locator``.</doc>
<arguments>
<arg>${FXOptions}</arg>
</arguments>
<msg timestamp="20201211 13:00:56.606" level="INFO">Clicking element 'xpath://span[@id='M2_3_1_28_5']'.</msg>
<status status="PASS" starttime="20201211 13:00:56.605" endtime="20201211 13:00:57.732"></status>
</kw>
<status status="PASS" starttime="20201211 13:00:54.810" endtime="20201211 13:00:57.733"></status>
</kw>
<kw name="Get test data" library="OrderMngmt">
<arguments>
<arg>OUBOV_TC_01</arg>
</arguments>
<kw name="Get Cell Text" library="Utilities">
<doc> get cell text using row heading and column heading index and trim as needed
 Example:
| Get Cell Text  | excelPATH |  sheet1  | Admin  |  UserName |
| Get Cell Text  | excelPATH |  sheet1  | Admin  |  UserName |   3</doc>
<arguments>
<arg>${testdata}</arg>
<arg>${Sheet}</arg>
<arg>Nature</arg>
<arg>Test Data 1</arg>
</arguments>
<assign>
<var>${Nature_testData1}</var>
</assign>
<msg timestamp="20201211 13:00:57.749" level="INFO">${Nature_testData1} = Buy</msg>
<status status="PASS" starttime="20201211 13:00:57.733" endtime="20201211 13:00:57.749"></status>
</kw>
<kw name="Get Cell Text" library="Utilities">
<doc> get cell text using row heading and column heading index and trim as needed
 Example:
| Get Cell Text  | excelPATH |  sheet1  | Admin  |  UserName |
| Get Cell Text  | excelPATH |  sheet1  | Admin  |  UserName |   3</doc>
<arguments>
<arg>${testdata}</arg>
<arg>${Sheet}</arg>
<arg>Nature</arg>
<arg>Test Data 2</arg>
</arguments>
<assign>
<var>${Nature_testData2}</var>
</assign>
<msg timestamp="20201211 13:00:57.765" level="INFO">${Nature_testData2} = Open</msg>
<status status="PASS" starttime="20201211 13:00:57.749" endtime="20201211 13:00:57.765"></status>
</kw>
<kw name="Get Cell Text" library="Utilities">
<doc> get cell text using row heading and column heading index and trim as needed
 Example:
| Get Cell Text  | excelPATH |  sheet1  | Admin  |  UserName |
| Get Cell Text  | excelPATH |  sheet1  | Admin  |  UserName |   3</doc>
<arguments>
<arg>${testdata}</arg>
<arg>${Sheet}</arg>
<arg>Portfolio</arg>
<arg>Test Data 1</arg>
</arguments>
<assign>
<var>${Portfolio_testData}</var>
</assign>
<msg timestamp="20201211 13:00:57.779" level="INFO">${Portfolio_testData} = 88-5132020-18</msg>
<status status="PASS" starttime="20201211 13:00:57.765" endtime="20201211 13:00:57.780"></status>
</kw>
<kw name="Get Cell Text" library="Utilities">
<doc> get cell text using row heading and column heading index and trim as needed
 Example:
| Get Cell Text  | excelPATH |  sheet1  | Admin  |  UserName |
| Get Cell Text  | excelPATH |  sheet1  | Admin  |  UserName |   3</doc>
<arguments>
<arg>${testdata}</arg>
<arg>${Sheet}</arg>
<arg>Sub Type</arg>
<arg>Test Data 1</arg>
</arguments>
<assign>
<var>${SubType_testData}</var>
</assign>
<msg timestamp="20201211 13:00:57.794" level="INFO">${SubType_testData} = Double Knock out FXO</msg>
<status status="PASS" starttime="20201211 13:00:57.780" endtime="20201211 13:00:57.794"></status>
</kw>
<kw name="Get Cell Text" library="Utilities">
<doc> get cell text using row heading and column heading index and trim as needed
 Example:
| Get Cell Text  | excelPATH |  sheet1  | Admin  |  UserName |
| Get Cell Text  | excelPATH |  sheet1  | Admin  |  UserName |   3</doc>
<arguments>
<arg>${testdata}</arg>
<arg>${Sheet}</arg>
<arg>PET</arg>
<arg>Test Data 1</arg>
</arguments>
<assign>
<var>${PET_testData}</var>
</assign>
<msg timestamp="20201211 13:00:57.809" level="INFO">${PET_testData} = </msg>
<status status="PASS" starttime="20201211 13:00:57.794" endtime="20201211 13:00:57.809"></status>
</kw>
<kw name="Get Cell Text" library="Utilities">
<doc> get cell text using row heading and column heading index and trim as needed
 Example:
| Get Cell Text  | excelPATH |  sheet1  | Admin  |  UserName |
| Get Cell Text  | excelPATH |  sheet1  | Admin  |  UserName |   3</doc>
<arguments>
<arg>${testdata}</arg>
<arg>${Sheet}</arg>
<arg>Expiry Date</arg>
<arg>Test Data 1</arg>
</arguments>
<assign>
<var>${ExpiryDate_testData}</var>
</assign>
<msg timestamp="20201211 13:00:57.823" level="INFO">${ExpiryDate_testData} = Dec 11, 2020</msg>
<status status="PASS" starttime="20201211 13:00:57.809" endtime="20201211 13:00:57.823"></status>
</kw>
<kw name="Get Cell Text" library="Utilities">
<doc> get cell text using row heading and column heading index and trim as needed
 Example:
| Get Cell Text  | excelPATH |  sheet1  | Admin  |  UserName |
| Get Cell Text  | excelPATH |  sheet1  | Admin  |  UserName |   3</doc>
<arguments>
<arg>${testdata}</arg>
<arg>${Sheet}</arg>
<arg>Settlement Date</arg>
<arg>Test Data 1</arg>
</arguments>
<assign>
<var>${SettlementDate_testData}</var>
</assign>
<msg timestamp="20201211 13:00:57.838" level="INFO">${SettlementDate_testData} = </msg>
<status status="PASS" starttime="20201211 13:00:57.823" endtime="20201211 13:00:57.838"></status>
</kw>
<kw name="Get Cell Text" library="Utilities">
<doc> get cell text using row heading and column heading index and trim as needed
 Example:
| Get Cell Text  | excelPATH |  sheet1  | Admin  |  UserName |
| Get Cell Text  | excelPATH |  sheet1  | Admin  |  UserName |   3</doc>
<arguments>
<arg>${testdata}</arg>
<arg>${Sheet}</arg>
<arg>Option Class</arg>
<arg>Test Data 1</arg>
</arguments>
<assign>
<var>${Option_testData}</var>
</assign>
<msg timestamp="20201211 13:00:57.852" level="INFO">${Option_testData} = Put</msg>
<status status="PASS" starttime="20201211 13:00:57.838" endtime="20201211 13:00:57.852"></status>
</kw>
<kw name="Get Cell Text" library="Utilities">
<doc> get cell text using row heading and column heading index and trim as needed
 Example:
| Get Cell Text  | excelPATH |  sheet1  | Admin  |  UserName |
| Get Cell Text  | excelPATH |  sheet1  | Admin  |  UserName |   3</doc>
<arguments>
<arg>${testdata}</arg>
<arg>${Sheet}</arg>
<arg>Option Class</arg>
<arg>Test Data 2</arg>
</arguments>
<assign>
<var>${Class_testData}</var>
</assign>
<msg timestamp="20201211 13:00:57.865" level="INFO">${Class_testData} = American</msg>
<status status="PASS" starttime="20201211 13:00:57.852" endtime="20201211 13:00:57.865"></status>
</kw>
<kw name="Get Cell Text" library="Utilities">
<doc> get cell text using row heading and column heading index and trim as needed
 Example:
| Get Cell Text  | excelPATH |  sheet1  | Admin  |  UserName |
| Get Cell Text  | excelPATH |  sheet1  | Admin  |  UserName |   3</doc>
<arguments>
<arg>${testdata}</arg>
<arg>${Sheet}</arg>
<arg>Strike Price</arg>
<arg>Test Data 1</arg>
</arguments>
<assign>
<var>${StrikePrice_testData}</var>
</assign>
<msg timestamp="20201211 13:00:57.880" level="INFO">${StrikePrice_testData} = 123</msg>
<status status="PASS" starttime="20201211 13:00:57.866" endtime="20201211 13:00:57.881"></status>
</kw>
<kw name="Get Cell Text" library="Utilities">
<doc> get cell text using row heading and column heading index and trim as needed
 Example:
| Get Cell Text  | excelPATH |  sheet1  | Admin  |  UserName |
| Get Cell Text  | excelPATH |  sheet1  | Admin  |  UserName |   3</doc>
<arguments>
<arg>${testdata}</arg>
<arg>${Sheet}</arg>
<arg>Call Amount/Currency</arg>
<arg>Test Data 1</arg>
</arguments>
<assign>
<var>${CallAmount_testData}</var>
</assign>
<msg timestamp="20201211 13:00:57.895" level="INFO">${CallAmount_testData} = 5000</msg>
<status status="PASS" starttime="20201211 13:00:57.881" endtime="20201211 13:00:57.895"></status>
</kw>
<kw name="Get Cell Text" library="Utilities">
<doc> get cell text using row heading and column heading index and trim as needed
 Example:
| Get Cell Text  | excelPATH |  sheet1  | Admin  |  UserName |
| Get Cell Text  | excelPATH |  sheet1  | Admin  |  UserName |   3</doc>
<arguments>
<arg>${testdata}</arg>
<arg>${Sheet}</arg>
<arg>Call Amount/Currency</arg>
<arg>Test Data 2</arg>
</arguments>
<assign>
<var>${CallCurrency_testData}</var>
</assign>
<msg timestamp="20201211 13:00:57.909" level="INFO">${CallCurrency_testData} = AUD</msg>
<status status="PASS" starttime="20201211 13:00:57.895" endtime="20201211 13:00:57.909"></status>
</kw>
<kw name="Get Cell Text" library="Utilities">
<doc> get cell text using row heading and column heading index and trim as needed
 Example:
| Get Cell Text  | excelPATH |  sheet1  | Admin  |  UserName |
| Get Cell Text  | excelPATH |  sheet1  | Admin  |  UserName |   3</doc>
<arguments>
<arg>${testdata}</arg>
<arg>${Sheet}</arg>
<arg>Put Amount/Currency</arg>
<arg>Test Data 1</arg>
</arguments>
<assign>
<var>${PutAmount_testData}</var>
</assign>
<msg timestamp="20201211 13:00:57.922" level="INFO">${PutAmount_testData} = 6000</msg>
<status status="PASS" starttime="20201211 13:00:57.909" endtime="20201211 13:00:57.922"></status>
</kw>
<kw name="Get Cell Text" library="Utilities">
<doc> get cell text using row heading and column heading index and trim as needed
 Example:
| Get Cell Text  | excelPATH |  sheet1  | Admin  |  UserName |
| Get Cell Text  | excelPATH |  sheet1  | Admin  |  UserName |   3</doc>
<arguments>
<arg>${testdata}</arg>
<arg>${Sheet}</arg>
<arg>Put Amount/Currency</arg>
<arg>Test Data 2</arg>
</arguments>
<assign>
<var>${PutCurrency_testData}</var>
</assign>
<msg timestamp="20201211 13:00:57.934" level="INFO">${PutCurrency_testData} = USD</msg>
<status status="PASS" starttime="20201211 13:00:57.922" endtime="20201211 13:00:57.934"></status>
</kw>
<kw name="Get Cell Text" library="Utilities">
<doc> get cell text using row heading and column heading index and trim as needed
 Example:
| Get Cell Text  | excelPATH |  sheet1  | Admin  |  UserName |
| Get Cell Text  | excelPATH |  sheet1  | Admin  |  UserName |   3</doc>
<arguments>
<arg>${testdata}</arg>
<arg>${Sheet}</arg>
<arg>Premium Settlement Date</arg>
<arg>Test Data 1</arg>
</arguments>
<assign>
<var>${PremiumSettlementDate_testData}</var>
</assign>
<msg timestamp="20201211 13:00:57.947" level="INFO">${PremiumSettlementDate_testData} = Jan 30, 2021</msg>
<status status="PASS" starttime="20201211 13:00:57.934" endtime="20201211 13:00:57.947"></status>
</kw>
<kw name="Get Cell Text" library="Utilities">
<doc> get cell text using row heading and column heading index and trim as needed
 Example:
| Get Cell Text  | excelPATH |  sheet1  | Admin  |  UserName |
| Get Cell Text  | excelPATH |  sheet1  | Admin  |  UserName |   3</doc>
<arguments>
<arg>${testdata}</arg>
<arg>${Sheet}</arg>
<arg>Premium Currency</arg>
<arg>Test Data 1</arg>
</arguments>
<assign>
<var>${PremiumCurrency_testData}</var>
</assign>
<msg timestamp="20201211 13:00:57.960" level="INFO">${PremiumCurrency_testData} = USD</msg>
<status status="PASS" starttime="20201211 13:00:57.947" endtime="20201211 13:00:57.960"></status>
</kw>
<kw name="Get Cell Text" library="Utilities">
<doc> get cell text using row heading and column heading index and trim as needed
 Example:
| Get Cell Text  | excelPATH |  sheet1  | Admin  |  UserName |
| Get Cell Text  | excelPATH |  sheet1  | Admin  |  UserName |   3</doc>
<arguments>
<arg>${testdata}</arg>
<arg>${Sheet}</arg>
<arg>Counterparty Premium</arg>
<arg>Test Data 1</arg>
</arguments>
<assign>
<var>${CounterpartyPremium_testData}</var>
</assign>
<msg timestamp="20201211 13:00:57.973" level="INFO">${CounterpartyPremium_testData} = </msg>
<status status="PASS" starttime="20201211 13:00:57.960" endtime="20201211 13:00:57.973"></status>
</kw>
<kw name="Get Cell Text" library="Utilities">
<doc> get cell text using row heading and column heading index and trim as needed
 Example:
| Get Cell Text  | excelPATH |  sheet1  | Admin  |  UserName |
| Get Cell Text  | excelPATH |  sheet1  | Admin  |  UserName |   3</doc>
<arguments>
<arg>${testdata}</arg>
<arg>${Sheet}</arg>
<arg>Client Premium</arg>
<arg>Test Data 1</arg>
</arguments>
<assign>
<var>${ClientPremium_testData}</var>
</assign>
<msg timestamp="20201211 13:00:57.984" level="INFO">${ClientPremium_testData} = </msg>
<status status="PASS" starttime="20201211 13:00:57.973" endtime="20201211 13:00:57.984"></status>
</kw>
<kw name="Get Cell Text" library="Utilities">
<doc> get cell text using row heading and column heading index and trim as needed
 Example:
| Get Cell Text  | excelPATH |  sheet1  | Admin  |  UserName |
| Get Cell Text  | excelPATH |  sheet1  | Admin  |  UserName |   3</doc>
<arguments>
<arg>${testdata}</arg>
<arg>${Sheet}</arg>
<arg>Spread</arg>
<arg>Test Data 1</arg>
</arguments>
<assign>
<var>${Spread_testData}</var>
</assign>
<msg timestamp="20201211 13:00:57.997" level="INFO">${Spread_testData} = </msg>
<status status="PASS" starttime="20201211 13:00:57.984" endtime="20201211 13:00:57.997"></status>
</kw>
<kw name="Get Cell Text" library="Utilities">
<doc> get cell text using row heading and column heading index and trim as needed
 Example:
| Get Cell Text  | excelPATH |  sheet1  | Admin  |  UserName |
| Get Cell Text  | excelPATH |  sheet1  | Admin  |  UserName |   3</doc>
<arguments>
<arg>${testdata}</arg>
<arg>${Sheet}</arg>
<arg>Linked Reference</arg>
<arg>Test Data 1</arg>
</arguments>
<assign>
<var>${LinkedReference_testData}</var>
</assign>
<msg timestamp="20201211 13:00:58.012" level="INFO">${LinkedReference_testData} = </msg>
<status status="PASS" starttime="20201211 13:00:57.997" endtime="20201211 13:00:58.012"></status>
</kw>
<kw name="Get Cell Text" library="Utilities">
<doc> get cell text using row heading and column heading index and trim as needed
 Example:
| Get Cell Text  | excelPATH |  sheet1  | Admin  |  UserName |
| Get Cell Text  | excelPATH |  sheet1  | Admin  |  UserName |   3</doc>
<arguments>
<arg>${testdata}</arg>
<arg>${Sheet}</arg>
<arg>Order Initiation</arg>
<arg>Test Data 1</arg>
</arguments>
<assign>
<var>${OrderInitiation_testData}</var>
</assign>
<msg timestamp="20201211 13:00:58.025" level="INFO">${OrderInitiation_testData} = Client initiated</msg>
<status status="PASS" starttime="20201211 13:00:58.012" endtime="20201211 13:00:58.026"></status>
</kw>
<kw name="Get Cell Text" library="Utilities">
<doc> get cell text using row heading and column heading index and trim as needed
 Example:
| Get Cell Text  | excelPATH |  sheet1  | Admin  |  UserName |
| Get Cell Text  | excelPATH |  sheet1  | Admin  |  UserName |   3</doc>
<arguments>
<arg>${testdata}</arg>
<arg>${Sheet}</arg>
<arg>Client Order Date/Time</arg>
<arg>Test Data 1</arg>
</arguments>
<assign>
<var>${ClientOrderDate/Time_testData}</var>
</assign>
<msg timestamp="20201211 13:00:58.040" level="INFO">${ClientOrderDate/Time_testData} = </msg>
<status status="PASS" starttime="20201211 13:00:58.026" endtime="20201211 13:00:58.040"></status>
</kw>
<kw name="Get Cell Text" library="Utilities">
<doc> get cell text using row heading and column heading index and trim as needed
 Example:
| Get Cell Text  | excelPATH |  sheet1  | Admin  |  UserName |
| Get Cell Text  | excelPATH |  sheet1  | Admin  |  UserName |   3</doc>
<arguments>
<arg>${testdata}</arg>
<arg>${Sheet}</arg>
<arg>Order Placed Via</arg>
<arg>Test Data 1</arg>
</arguments>
<assign>
<var>${OrderPlacedVia_testData}</var>
</assign>
<msg timestamp="20201211 13:00:58.053" level="INFO">${OrderPlacedVia_testData} = Phone</msg>
<status status="PASS" starttime="20201211 13:00:58.040" endtime="20201211 13:00:58.053"></status>
</kw>
<kw name="Get Cell Text" library="Utilities">
<doc> get cell text using row heading and column heading index and trim as needed
 Example:
| Get Cell Text  | excelPATH |  sheet1  | Admin  |  UserName |
| Get Cell Text  | excelPATH |  sheet1  | Admin  |  UserName |   3</doc>
<arguments>
<arg>${testdata}</arg>
<arg>${Sheet}</arg>
<arg>Phone/Ext</arg>
<arg>Test Data 1</arg>
</arguments>
<assign>
<var>${Phone/Ext_testData}</var>
</assign>
<msg timestamp="20201211 13:00:58.065" level="INFO">${Phone/Ext_testData} = 123</msg>
<status status="PASS" starttime="20201211 13:00:58.053" endtime="20201211 13:00:58.065"></status>
</kw>
<kw name="Get Cell Text" library="Utilities">
<doc> get cell text using row heading and column heading index and trim as needed
 Example:
| Get Cell Text  | excelPATH |  sheet1  | Admin  |  UserName |
| Get Cell Text  | excelPATH |  sheet1  | Admin  |  UserName |   3</doc>
<arguments>
<arg>${testdata}</arg>
<arg>${Sheet}</arg>
<arg>Order Person</arg>
<arg>Test Data 1</arg>
</arguments>
<assign>
<var>${OrderPerson_testData}</var>
</assign>
<msg timestamp="20201211 13:00:58.078" level="INFO">${OrderPerson_testData} = </msg>
<status status="PASS" starttime="20201211 13:00:58.066" endtime="20201211 13:00:58.078"></status>
</kw>
<kw name="Get Cell Text" library="Utilities">
<doc> get cell text using row heading and column heading index and trim as needed
 Example:
| Get Cell Text  | excelPATH |  sheet1  | Admin  |  UserName |
| Get Cell Text  | excelPATH |  sheet1  | Admin  |  UserName |   3</doc>
<arguments>
<arg>${testdata}</arg>
<arg>${Sheet}</arg>
<arg>Reason for Override</arg>
<arg>Test Data 1</arg>
</arguments>
<assign>
<var>${ReasonforOverride_testData}</var>
</assign>
<msg timestamp="20201211 13:00:58.090" level="INFO">${ReasonforOverride_testData} = </msg>
<status status="PASS" starttime="20201211 13:00:58.078" endtime="20201211 13:00:58.090"></status>
</kw>
<kw name="Get Cell Text" library="Utilities">
<doc> get cell text using row heading and column heading index and trim as needed
 Example:
| Get Cell Text  | excelPATH |  sheet1  | Admin  |  UserName |
| Get Cell Text  | excelPATH |  sheet1  | Admin  |  UserName |   3</doc>
<arguments>
<arg>${testdata}</arg>
<arg>${Sheet}</arg>
<arg>SCA Comments</arg>
<arg>Test Data 1</arg>
</arguments>
<assign>
<var>${SCAComments_testData}</var>
</assign>
<msg timestamp="20201211 13:00:58.105" level="INFO">${SCAComments_testData} = </msg>
<status status="PASS" starttime="20201211 13:00:58.091" endtime="20201211 13:00:58.105"></status>
</kw>
<kw name="Set Test Variable" library="BuiltIn">
<doc>Makes a variable available everywhere within the scope of the current test.</doc>
<arguments>
<arg>${Portfolio_testData}</arg>
</arguments>
<msg timestamp="20201211 13:00:58.105" level="INFO">${Portfolio_testData} = 88-5132020-18</msg>
<status status="PASS" starttime="20201211 13:00:58.105" endtime="20201211 13:00:58.105"></status>
</kw>
<kw name="Set Test Variable" library="BuiltIn">
<doc>Makes a variable available everywhere within the scope of the current test.</doc>
<arguments>
<arg>${Nature_testData1}</arg>
</arguments>
<msg timestamp="20201211 13:00:58.106" level="INFO">${Nature_testData1} = Buy</msg>
<status status="PASS" starttime="20201211 13:00:58.106" endtime="20201211 13:00:58.106"></status>
</kw>
<kw name="Set Test Variable" library="BuiltIn">
<doc>Makes a variable available everywhere within the scope of the current test.</doc>
<arguments>
<arg>${Nature_testData2}</arg>
</arguments>
<msg timestamp="20201211 13:00:58.106" level="INFO">${Nature_testData2} = Open</msg>
<status status="PASS" starttime="20201211 13:00:58.106" endtime="20201211 13:00:58.106"></status>
</kw>
<kw name="Set Test Variable" library="BuiltIn">
<doc>Makes a variable available everywhere within the scope of the current test.</doc>
<arguments>
<arg>${Portfolio_testData}</arg>
</arguments>
<msg timestamp="20201211 13:00:58.107" level="INFO">${Portfolio_testData} = 88-5132020-18</msg>
<status status="PASS" starttime="20201211 13:00:58.107" endtime="20201211 13:00:58.107"></status>
</kw>
<kw name="Set Test Variable" library="BuiltIn">
<doc>Makes a variable available everywhere within the scope of the current test.</doc>
<arguments>
<arg>${SubType_testData}</arg>
</arguments>
<msg timestamp="20201211 13:00:58.107" level="INFO">${SubType_testData} = Double Knock out FXO</msg>
<status status="PASS" starttime="20201211 13:00:58.107" endtime="20201211 13:00:58.107"></status>
</kw>
<kw name="Set Test Variable" library="BuiltIn">
<doc>Makes a variable available everywhere within the scope of the current test.</doc>
<arguments>
<arg>${PET_testData}</arg>
</arguments>
<msg timestamp="20201211 13:00:58.108" level="INFO">${PET_testData} = </msg>
<status status="PASS" starttime="20201211 13:00:58.108" endtime="20201211 13:00:58.108"></status>
</kw>
<kw name="Set Test Variable" library="BuiltIn">
<doc>Makes a variable available everywhere within the scope of the current test.</doc>
<arguments>
<arg>${ExpiryDate_testData}</arg>
</arguments>
<msg timestamp="20201211 13:00:58.108" level="INFO">${ExpiryDate_testData} = Dec 11, 2020</msg>
<status status="PASS" starttime="20201211 13:00:58.108" endtime="20201211 13:00:58.108"></status>
</kw>
<kw name="Set Test Variable" library="BuiltIn">
<doc>Makes a variable available everywhere within the scope of the current test.</doc>
<arguments>
<arg>${SettlementDate_testData}</arg>
</arguments>
<msg timestamp="20201211 13:00:58.109" level="INFO">${SettlementDate_testData} = </msg>
<status status="PASS" starttime="20201211 13:00:58.109" endtime="20201211 13:00:58.109"></status>
</kw>
<kw name="Set Test Variable" library="BuiltIn">
<doc>Makes a variable available everywhere within the scope of the current test.</doc>
<arguments>
<arg>${Option_testData}</arg>
</arguments>
<msg timestamp="20201211 13:00:58.109" level="INFO">${Option_testData} = Put</msg>
<status status="PASS" starttime="20201211 13:00:58.109" endtime="20201211 13:00:58.110"></status>
</kw>
<kw name="Set Test Variable" library="BuiltIn">
<doc>Makes a variable available everywhere within the scope of the current test.</doc>
<arguments>
<arg>${Class_testData}</arg>
</arguments>
<msg timestamp="20201211 13:00:58.110" level="INFO">${Class_testData} = American</msg>
<status status="PASS" starttime="20201211 13:00:58.110" endtime="20201211 13:00:58.110"></status>
</kw>
<kw name="Set Test Variable" library="BuiltIn">
<doc>Makes a variable available everywhere within the scope of the current test.</doc>
<arguments>
<arg>${StrikePrice_testData}</arg>
</arguments>
<msg timestamp="20201211 13:00:58.111" level="INFO">${StrikePrice_testData} = 123</msg>
<status status="PASS" starttime="20201211 13:00:58.110" endtime="20201211 13:00:58.111"></status>
</kw>
<kw name="Set Test Variable" library="BuiltIn">
<doc>Makes a variable available everywhere within the scope of the current test.</doc>
<arguments>
<arg>${CallAmount_testData}</arg>
</arguments>
<msg timestamp="20201211 13:00:58.112" level="INFO">${CallAmount_testData} = 5000</msg>
<status status="PASS" starttime="20201211 13:00:58.111" endtime="20201211 13:00:58.112"></status>
</kw>
<kw name="Set Test Variable" library="BuiltIn">
<doc>Makes a variable available everywhere within the scope of the current test.</doc>
<arguments>
<arg>${CallCurrency_testData}</arg>
</arguments>
<msg timestamp="20201211 13:00:58.112" level="INFO">${CallCurrency_testData} = AUD</msg>
<status status="PASS" starttime="20201211 13:00:58.112" endtime="20201211 13:00:58.112"></status>
</kw>
<kw name="Set Test Variable" library="BuiltIn">
<doc>Makes a variable available everywhere within the scope of the current test.</doc>
<arguments>
<arg>${PutAmount_testData}</arg>
</arguments>
<msg timestamp="20201211 13:00:58.113" level="INFO">${PutAmount_testData} = 6000</msg>
<status status="PASS" starttime="20201211 13:00:58.112" endtime="20201211 13:00:58.113"></status>
</kw>
<kw name="Set Test Variable" library="BuiltIn">
<doc>Makes a variable available everywhere within the scope of the current test.</doc>
<arguments>
<arg>${PutCurrency_testData}</arg>
</arguments>
<msg timestamp="20201211 13:00:58.113" level="INFO">${PutCurrency_testData} = USD</msg>
<status status="PASS" starttime="20201211 13:00:58.113" endtime="20201211 13:00:58.113"></status>
</kw>
<kw name="Set Test Variable" library="BuiltIn">
<doc>Makes a variable available everywhere within the scope of the current test.</doc>
<arguments>
<arg>${PremiumSettlementDate_testData}</arg>
</arguments>
<msg timestamp="20201211 13:00:58.114" level="INFO">${PremiumSettlementDate_testData} = Jan 30, 2021</msg>
<status status="PASS" starttime="20201211 13:00:58.113" endtime="20201211 13:00:58.114"></status>
</kw>
<kw name="Set Test Variable" library="BuiltIn">
<doc>Makes a variable available everywhere within the scope of the current test.</doc>
<arguments>
<arg>${PremiumCurrency_testData}</arg>
</arguments>
<msg timestamp="20201211 13:00:58.114" level="INFO">${PremiumCurrency_testData} = USD</msg>
<status status="PASS" starttime="20201211 13:00:58.114" endtime="20201211 13:00:58.114"></status>
</kw>
<kw name="Set Test Variable" library="BuiltIn">
<doc>Makes a variable available everywhere within the scope of the current test.</doc>
<arguments>
<arg>${CounterpartyPremium_testData}</arg>
</arguments>
<msg timestamp="20201211 13:00:58.115" level="INFO">${CounterpartyPremium_testData} = </msg>
<status status="PASS" starttime="20201211 13:00:58.114" endtime="20201211 13:00:58.115"></status>
</kw>
<kw name="Set Test Variable" library="BuiltIn">
<doc>Makes a variable available everywhere within the scope of the current test.</doc>
<arguments>
<arg>${ClientPremium_testData}</arg>
</arguments>
<msg timestamp="20201211 13:00:58.115" level="INFO">${ClientPremium_testData} = </msg>
<status status="PASS" starttime="20201211 13:00:58.115" endtime="20201211 13:00:58.115"></status>
</kw>
<kw name="Set Test Variable" library="BuiltIn">
<doc>Makes a variable available everywhere within the scope of the current test.</doc>
<arguments>
<arg>${Spread_testData}</arg>
</arguments>
<msg timestamp="20201211 13:00:58.116" level="INFO">${Spread_testData} = </msg>
<status status="PASS" starttime="20201211 13:00:58.115" endtime="20201211 13:00:58.116"></status>
</kw>
<kw name="Set Test Variable" library="BuiltIn">
<doc>Makes a variable available everywhere within the scope of the current test.</doc>
<arguments>
<arg>${LinkedReference_testData}</arg>
</arguments>
<msg timestamp="20201211 13:00:58.116" level="INFO">${LinkedReference_testData} = </msg>
<status status="PASS" starttime="20201211 13:00:58.116" endtime="20201211 13:00:58.116"></status>
</kw>
<kw name="Set Test Variable" library="BuiltIn">
<doc>Makes a variable available everywhere within the scope of the current test.</doc>
<arguments>
<arg>${OrderInitiation_testData}</arg>
</arguments>
<msg timestamp="20201211 13:00:58.117" level="INFO">${OrderInitiation_testData} = Client initiated</msg>
<status status="PASS" starttime="20201211 13:00:58.116" endtime="20201211 13:00:58.117"></status>
</kw>
<kw name="Set Test Variable" library="BuiltIn">
<doc>Makes a variable available everywhere within the scope of the current test.</doc>
<arguments>
<arg>${ClientOrderDate/Time_testData}</arg>
</arguments>
<msg timestamp="20201211 13:00:58.117" level="INFO">${ClientOrderDate/Time_testData} = </msg>
<status status="PASS" starttime="20201211 13:00:58.117" endtime="20201211 13:00:58.117"></status>
</kw>
<kw name="Set Test Variable" library="BuiltIn">
<doc>Makes a variable available everywhere within the scope of the current test.</doc>
<arguments>
<arg>${OrderPlacedVia_testData}</arg>
</arguments>
<msg timestamp="20201211 13:00:58.118" level="INFO">${OrderPlacedVia_testData} = Phone</msg>
<status status="PASS" starttime="20201211 13:00:58.118" endtime="20201211 13:00:58.118"></status>
</kw>
<kw name="Set Test Variable" library="BuiltIn">
<doc>Makes a variable available everywhere within the scope of the current test.</doc>
<arguments>
<arg>${Phone/Ext_testData}</arg>
</arguments>
<msg timestamp="20201211 13:00:58.118" level="INFO">${Phone/Ext_testData} = 123</msg>
<status status="PASS" starttime="20201211 13:00:58.118" endtime="20201211 13:00:58.118"></status>
</kw>
<kw name="Set Test Variable" library="BuiltIn">
<doc>Makes a variable available everywhere within the scope of the current test.</doc>
<arguments>
<arg>${OrderPerson_testData}</arg>
</arguments>
<msg timestamp="20201211 13:00:58.119" level="INFO">${OrderPerson_testData} = </msg>
<status status="PASS" starttime="20201211 13:00:58.119" endtime="20201211 13:00:58.119"></status>
</kw>
<kw name="Set Test Variable" library="BuiltIn">
<doc>Makes a variable available everywhere within the scope of the current test.</doc>
<arguments>
<arg>${ReasonforOverride_testData}</arg>
</arguments>
<msg timestamp="20201211 13:00:58.119" level="INFO">${ReasonforOverride_testData} = </msg>
<status status="PASS" starttime="20201211 13:00:58.119" endtime="20201211 13:00:58.120"></status>
</kw>
<kw name="Set Test Variable" library="BuiltIn">
<doc>Makes a variable available everywhere within the scope of the current test.</doc>
<arguments>
<arg>${SCAComments_testData}</arg>
</arguments>
<msg timestamp="20201211 13:00:58.120" level="INFO">${SCAComments_testData} = </msg>
<status status="PASS" starttime="20201211 13:00:58.120" endtime="20201211 13:00:58.120"></status>
</kw>
<status status="PASS" starttime="20201211 13:00:57.733" endtime="20201211 13:00:58.120"></status>
</kw>
<kw name="Create FXO Order" library="OrderMngmt">
<kw name="Run Keyword If" library="BuiltIn">
<doc>Runs the given keyword with the given arguments, if ``condition`` is true.</doc>
<arguments>
<arg>'${Nature_testData1}'=='Buy'</arg>
<arg>Click element</arg>
<arg>${Buy}</arg>
<arg>ELSE</arg>
<arg>Click element</arg>
<arg>${Sell}</arg>
</arguments>
<kw name="Click Element" library="SeleniumLibrary">
<doc>Click the element identified by ``locator``.</doc>
<arguments>
<arg>${Buy}</arg>
</arguments>
<msg timestamp="20201211 13:00:58.122" level="INFO">Clicking element 'xpath://input[@id='form.natureE.btn_radio1']'.</msg>
<status status="PASS" starttime="20201211 13:00:58.122" endtime="20201211 13:00:58.706"></status>
</kw>
<status status="PASS" starttime="20201211 13:00:58.122" endtime="20201211 13:00:58.707"></status>
</kw>
<kw name="Select From List By Label" library="SeleniumLibrary">
<doc>Selects options from selection list ``locator`` by ``labels``.</doc>
<arguments>
<arg>${OpenClose}</arg>
<arg>${Nature_testData2}</arg>
</arguments>
<msg timestamp="20201211 13:00:58.708" level="INFO">Selecting options from selection list 'id:form.subtype.code' by label Open.</msg>
<status status="PASS" starttime="20201211 13:00:58.707" endtime="20201211 13:00:58.755"></status>
</kw>
<kw name="Input Text" library="SeleniumLibrary">
<doc>Types the given ``text`` into the text field identified by ``locator``.</doc>
<arguments>
<arg>${Portfolio}</arg>
<arg>${Portfolio_testData}</arg>
</arguments>
<msg timestamp="20201211 13:00:58.756" level="INFO">Typing text '88-5132020-18' into text field 'id:text.formSearch.portfolio.code'.</msg>
<status status="PASS" starttime="20201211 13:00:58.756" endtime="20201211 13:00:58.864"></status>
</kw>
<kw name="Click Element" library="SeleniumLibrary">
<doc>Click the element identified by ``locator``.</doc>
<arguments>
<arg>${PortfolioNumber}</arg>
</arguments>
<msg timestamp="20201211 13:00:58.864" level="INFO">Clicking element 'xpath://span[text()='Portfolio Number :']'.</msg>
<status status="PASS" starttime="20201211 13:00:58.864" endtime="20201211 13:01:01.874"></status>
</kw>
<kw name="Select From List By Label" library="SeleniumLibrary">
<doc>Selects options from selection list ``locator`` by ``labels``.</doc>
<arguments>
<arg>${SubType}</arg>
<arg>${SubType_testData}</arg>
</arguments>
<msg timestamp="20201211 13:01:01.875" level="INFO">Selecting options from selection list 'id:form.udSubtype.code' by label Double Knock out FXO.</msg>
<status status="PASS" starttime="20201211 13:01:01.875" endtime="20201211 13:01:02.595"></status>
</kw>
<kw name="Run Keyword Unless" library="BuiltIn">
<doc>Runs the given keyword with the given arguments if ``condition`` is false.</doc>
<arguments>
<arg>'${PET_testData}'==''</arg>
<arg>Click element</arg>
<arg>${PostExecutedTrade}</arg>
</arguments>
<status status="PASS" starttime="20201211 13:01:02.596" endtime="20201211 13:01:02.596"></status>
</kw>
<kw name="Input Text" library="SeleniumLibrary">
<doc>Types the given ``text`` into the text field identified by ``locator``.</doc>
<arguments>
<arg>${ExpiryDate}</arg>
<arg>${ExpiryDate_testData}</arg>
</arguments>
<msg timestamp="20201211 13:01:02.598" level="INFO">Typing text 'Dec 11, 2020' into text field 'xpath://input[@id='form.expirationD']'.</msg>
<status status="PASS" starttime="20201211 13:01:02.597" endtime="20201211 13:01:02.709"></status>
</kw>
<kw name="Run Keyword Unless" library="BuiltIn">
<doc>Runs the given keyword with the given arguments if ``condition`` is false.</doc>
<arguments>
<arg>'${SettlementDate_testData}'==''</arg>
<arg>Input text</arg>
<arg>${SettlementDate}</arg>
<arg>${SettlementDate_testData}</arg>
</arguments>
<status status="PASS" starttime="20201211 13:01:02.709" endtime="20201211 13:01:02.710"></status>
</kw>
<kw name="Select From List By Label" library="SeleniumLibrary">
<doc>Selects options from selection list ``locator`` by ``labels``.</doc>
<arguments>
<arg>${Option}</arg>
<arg>${Option_testData}</arg>
</arguments>
<msg timestamp="20201211 13:01:02.710" level="INFO">Selecting options from selection list 'xpath://select[@name='optionClassE']' by label Put.</msg>
<status status="PASS" starttime="20201211 13:01:02.710" endtime="20201211 13:01:03.613"></status>
</kw>
<kw name="Select From List By Label" library="SeleniumLibrary">
<doc>Selects options from selection list ``locator`` by ``labels``.</doc>
<arguments>
<arg>${Class}</arg>
<arg>${Class_testData}</arg>
</arguments>
<msg timestamp="20201211 13:01:03.614" level="INFO">Selecting options from selection list 'xpath://select[@name='optStyleE']' by label American.</msg>
<status status="PASS" starttime="20201211 13:01:03.613" endtime="20201211 13:01:04.366"></status>
</kw>
<kw name="Input Text" library="SeleniumLibrary">
<doc>Types the given ``text`` into the text field identified by ``locator``.</doc>
<arguments>
<arg>${StrikePrice}</arg>
<arg>${StrikePrice_testData}</arg>
</arguments>
<msg timestamp="20201211 13:01:04.367" level="INFO">Typing text '123' into text field 'xpath://input[@name='udStrikePriceN']'.</msg>
<status status="PASS" starttime="20201211 13:01:04.366" endtime="20201211 13:01:04.449"></status>
</kw>
<kw name="Select From List By Label" library="SeleniumLibrary">
<doc>Selects options from selection list ``locator`` by ``labels``.</doc>
<arguments>
<arg>${CallCurrency}</arg>
<arg>${CallCurrency_testData}</arg>
</arguments>
<msg timestamp="20201211 13:01:04.450" level="INFO">Selecting options from selection list 'id:form.opCurrency._oid' by label AUD.</msg>
<status status="PASS" starttime="20201211 13:01:04.449" endtime="20201211 13:01:05.134"></status>
</kw>
<kw name="Select From List By Label" library="SeleniumLibrary">
<doc>Selects options from selection list ``locator`` by ``labels``.</doc>
<arguments>
<arg>${PutCurrency}</arg>
<arg>${PutCurrency_testData}</arg>
</arguments>
<msg timestamp="20201211 13:01:05.135" level="INFO">Selecting options from selection list 'id:form.udAltCurrency._oid' by label USD.</msg>
<status status="PASS" starttime="20201211 13:01:05.135" endtime="20201211 13:01:05.859"></status>
</kw>
<kw name="Run Keyword If" library="BuiltIn">
<doc>Runs the given keyword with the given arguments, if ``condition`` is true.</doc>
<arguments>
<arg>'${SubType_testData}'=='Double Knock in FXO'</arg>
<arg>Input text</arg>
<arg>${CallAmount}</arg>
<arg>${CallAmount_testData}</arg>
</arguments>
<status status="PASS" starttime="20201211 13:01:05.859" endtime="20201211 13:01:05.859"></status>
</kw>
<kw name="Run Keyword If" library="BuiltIn">
<doc>Runs the given keyword with the given arguments, if ``condition`` is true.</doc>
<arguments>
<arg>'${SubType_testData}'=='Double Knock out FXO'</arg>
<arg>Input text</arg>
<arg>${PutAmount}</arg>
<arg>${PutAmount_testData}</arg>
</arguments>
<kw name="Input Text" library="SeleniumLibrary">
<doc>Types the given ``text`` into the text field identified by ``locator``.</doc>
<arguments>
<arg>${PutAmount}</arg>
<arg>${PutAmount_testData}</arg>
</arguments>
<msg timestamp="20201211 13:01:05.860" level="INFO">Typing text '6000' into text field 'xpath://input[@id='form.udAltCurrencyAmtN']'.</msg>
<status status="PASS" starttime="20201211 13:01:05.860" endtime="20201211 13:01:05.955"></status>
</kw>
<status status="PASS" starttime="20201211 13:01:05.860" endtime="20201211 13:01:05.955"></status>
</kw>
<kw name="Input Text" library="SeleniumLibrary">
<doc>Types the given ``text`` into the text field identified by ``locator``.</doc>
<arguments>
<arg>${PremiumSettlementDate}</arg>
<arg>${PremiumSettlementDate_testData}</arg>
</arguments>
<msg timestamp="20201211 13:01:05.956" level="INFO">Typing text 'Jan 30, 2021' into text field 'xpath://input[@id='form.valueD']'.</msg>
<status status="PASS" starttime="20201211 13:01:05.956" endtime="20201211 13:01:06.564"></status>
</kw>
<kw name="Select From List By Label" library="SeleniumLibrary">
<doc>Selects options from selection list ``locator`` by ``labels``.</doc>
<arguments>
<arg>${PremiumCurrency}</arg>
<arg>${PremiumCurrency_testData}</arg>
</arguments>
<msg timestamp="20201211 13:01:06.565" level="INFO">Selecting options from selection list 'xpath://select[@id='form.accCurrency._oid']' by label USD.</msg>
<status status="PASS" starttime="20201211 13:01:06.565" endtime="20201211 13:01:07.296"></status>
</kw>
<kw name="Run Keyword Unless" library="BuiltIn">
<doc>Runs the given keyword with the given arguments if ``condition`` is false.</doc>
<arguments>
<arg>'${CounterpartyPremium_testData}'==''</arg>
<arg>Input text</arg>
<arg>${CounterPartyPremium}</arg>
<arg>${CounterpartyPremium_testData}</arg>
</arguments>
<status status="PASS" starttime="20201211 13:01:07.296" endtime="20201211 13:01:07.297"></status>
</kw>
<kw name="Run Keyword Unless" library="BuiltIn">
<doc>Runs the given keyword with the given arguments if ``condition`` is false.</doc>
<arguments>
<arg>'${ClientPremium_testData}'==''</arg>
<arg>Input text</arg>
<arg>${ClientPremium}</arg>
<arg>${ClientPremium_testData}</arg>
</arguments>
<status status="PASS" starttime="20201211 13:01:07.297" endtime="20201211 13:01:07.297"></status>
</kw>
<kw name="Run Keyword Unless" library="BuiltIn">
<doc>Runs the given keyword with the given arguments if ``condition`` is false.</doc>
<arguments>
<arg>'${Spread_testData}'==''</arg>
<arg>Input text</arg>
<arg>${Spread}</arg>
<arg>${Spread_testData}</arg>
</arguments>
<status status="PASS" starttime="20201211 13:01:07.297" endtime="20201211 13:01:07.298"></status>
</kw>
<kw name="Run Keyword Unless" library="BuiltIn">
<doc>Runs the given keyword with the given arguments if ``condition`` is false.</doc>
<arguments>
<arg>'${LinkedReference_testData}'==''</arg>
<arg>Input text</arg>
<arg>${LinkedReference}</arg>
<arg>${LinkedReference_testData}</arg>
</arguments>
<status status="PASS" starttime="20201211 13:01:07.298" endtime="20201211 13:01:07.299"></status>
</kw>
<kw name="Select From List By Label" library="SeleniumLibrary">
<doc>Selects options from selection list ``locator`` by ``labels``.</doc>
<arguments>
<arg>${OrderInitiation}</arg>
<arg>${OrderInitiation_testData}</arg>
</arguments>
<msg timestamp="20201211 13:01:07.299" level="INFO">Selecting options from selection list 'xpath://select[@id='form.clientInitE']' by label Client initiated.</msg>
<status status="PASS" starttime="20201211 13:01:07.299" endtime="20201211 13:01:08.098"></status>
</kw>
<kw name="Run Keyword Unless" library="BuiltIn">
<doc>Runs the given keyword with the given arguments if ``condition`` is false.</doc>
<arguments>
<arg>'${ClientOrderDate/Time_testData}'==''</arg>
<arg>Input text</arg>
<arg>${ClientOrderDate/Time}</arg>
<arg>${ClientOrderDate/Time_testData}</arg>
</arguments>
<status status="PASS" starttime="20201211 13:01:08.098" endtime="20201211 13:01:08.099"></status>
</kw>
<kw name="Select From List By Label" library="SeleniumLibrary">
<doc>Selects options from selection list ``locator`` by ``labels``.</doc>
<arguments>
<arg>${OrderPlacedVia}</arg>
<arg>${OrderPlacedVia_testData}</arg>
</arguments>
<msg timestamp="20201211 13:01:08.099" level="INFO">Selecting options from selection list 'id:form.communicationType._oid' by label Phone.</msg>
<status status="PASS" starttime="20201211 13:01:08.099" endtime="20201211 13:01:08.154"></status>
</kw>
<kw name="Input Text" library="SeleniumLibrary">
<doc>Types the given ``text`` into the text field identified by ``locator``.</doc>
<arguments>
<arg>${Phone/Ext}</arg>
<arg>${Phone/Ext_testData}</arg>
</arguments>
<msg timestamp="20201211 13:01:08.155" level="INFO">Typing text '123' into text field 'id:form.udCdmsAddLine1C'.</msg>
<status status="PASS" starttime="20201211 13:01:08.154" endtime="20201211 13:01:08.247"></status>
</kw>
<kw name="Click element by jS" library="Login">
<arguments>
<arg>${OrderPerson}</arg>
</arguments>
<kw name="Execute Javascript" library="SeleniumLibrary">
<doc>Executes the given JavaScript code with possible arguments.</doc>
<arguments>
<arg>document.evaluate("${xpath}",document.body,null,9,null).singleNodeValue.click();</arg>
</arguments>
<msg timestamp="20201211 13:01:08.250" level="INFO">Executing JavaScript:
document.evaluate("//i[@title='Search Spoken To Person']",document.body,null,9,null).singleNodeValue.click();
Without any arguments.</msg>
<status status="PASS" starttime="20201211 13:01:08.249" endtime="20201211 13:01:08.621"></status>
</kw>
<status status="PASS" starttime="20201211 13:01:08.248" endtime="20201211 13:01:08.621"></status>
</kw>
<kw name="Click Element" library="SeleniumLibrary">
<doc>Click the element identified by ``locator``.</doc>
<arguments>
<arg>${OrderPersonCIF}</arg>
</arguments>
<msg timestamp="20201211 13:01:08.622" level="INFO">Clicking element 'xpath://label[text()='0000000000100000737']'.</msg>
<status status="PASS" starttime="20201211 13:01:08.621" endtime="20201211 13:01:09.328"></status>
</kw>
<kw name="Click Element" library="SeleniumLibrary">
<doc>Click the element identified by ``locator``.</doc>
<arguments>
<arg>${Check}</arg>
</arguments>
<msg timestamp="20201211 13:01:09.329" level="INFO">Clicking element 'xpath://button[@id='btn_r2___']'.</msg>
<status status="PASS" starttime="20201211 13:01:09.328" endtime="20201211 13:01:23.322"></status>
</kw>
<kw name="Take Screenshot with text" library="Login">
<arguments>
<arg>Order Checked</arg>
</arguments>
<kw name="Capture Page Screenshot" library="SeleniumLibrary">
<doc>Takes a screenshot of the current page and embeds it into a log file.</doc>
<arguments>
<arg>${imageName}.png</arg>
</arguments>
<msg timestamp="20201211 13:01:23.732" level="INFO" html="yes">&lt;/td&gt;&lt;/tr&gt;&lt;tr&gt;&lt;td colspan="3"&gt;&lt;a href="../Test%20Execution/12-11-20_01-00-36-PM/OUBOV_TC_01_Buy%20Put%20Option%20Double%20Knout%20Out%20FXO/Order%20Checked.png"&gt;&lt;img src="../Test%20Execution/12-11-20_01-00-36-PM/OUBOV_TC_01_Buy%20Put%20Option%20Double%20Knout%20Out%20FXO/Order%20Checked.png" width="800px"&gt;&lt;/a&gt;</msg>
<status status="PASS" starttime="20201211 13:01:23.323" endtime="20201211 13:01:23.732"></status>
</kw>
<kw name="Catenate" library="BuiltIn">
<doc>Catenates the given items together and returns the resulted string.</doc>
<arguments>
<arg>${getfilePath}\\${imageName}</arg>
</arguments>
<assign>
<var>${imagePath}</var>
</assign>
<msg timestamp="20201211 13:01:23.733" level="INFO">${imagePath} = C:\Users\ccordero\Desktop\Work\RobotFramework\Workspace\UOBOneView\Resource\..\Test Execution\12-11-20_01-00-36-PM\OUBOV_TC_01_Buy Put Option Double Knout Out FXO\Order Checked</msg>
<status status="PASS" starttime="20201211 13:01:23.732" endtime="20201211 13:01:23.733"></status>
</kw>
<kw name="Put Screenshot With Text" library="ReportMaker">
<arguments>
<arg>${imagePath}</arg>
<arg>${imageName}</arg>
</arguments>
<status status="PASS" starttime="20201211 13:01:23.733" endtime="20201211 13:01:23.735"></status>
</kw>
<status status="PASS" starttime="20201211 13:01:23.322" endtime="20201211 13:01:23.736"></status>
</kw>
<kw name="Run Keyword And Return Status" library="BuiltIn">
<doc>Runs the given keyword with given arguments and returns the status as a Boolean value.</doc>
<arguments>
<arg>Element should not be visible</arg>
<arg>${ErrorTable}</arg>
</arguments>
<assign>
<var>${NoErrorPresent}</var>
</assign>
<kw name="Element Should Not Be Visible" library="SeleniumLibrary">
<doc>Verifies that the element identified by ``locator`` is NOT visible.</doc>
<arguments>
<arg>${ErrorTable}</arg>
</arguments>
<kw name="Capture Page Screenshot" library="SeleniumLibrary">
<doc>Takes a screenshot of the current page and embeds it into a log file.</doc>
<msg timestamp="20201211 13:01:24.110" level="INFO" html="yes">&lt;/td&gt;&lt;/tr&gt;&lt;tr&gt;&lt;td colspan="3"&gt;&lt;a href="../Test%20Execution/12-11-20_01-00-36-PM/OUBOV_TC_01_Buy%20Put%20Option%20Double%20Knout%20Out%20FXO/selenium-screenshot-1.png"&gt;&lt;img src="../Test%20Execution/12-11-20_01-00-36-PM/OUBOV_TC_01_Buy%20Put%20Option%20Double%20Knout%20Out%20FXO/selenium-screenshot-1.png" width="800px"&gt;&lt;/a&gt;</msg>
<status status="PASS" starttime="20201211 13:01:23.761" endtime="20201211 13:01:24.110"></status>
</kw>
<msg timestamp="20201211 13:01:24.120" level="FAIL">The element 'xpath://ul[@class='messenger']' should not be visible, but it is.</msg>
<status status="FAIL" starttime="20201211 13:01:23.736" endtime="20201211 13:01:24.120"></status>
</kw>
<msg timestamp="20201211 13:01:24.120" level="INFO">${NoErrorPresent} = False</msg>
<status status="PASS" starttime="20201211 13:01:23.736" endtime="20201211 13:01:24.120"></status>
</kw>
<kw name="Run Keyword If" library="BuiltIn">
<doc>Runs the given keyword with the given arguments, if ``condition`` is true.</doc>
<arguments>
<arg>'${NoErrorPresent}'=='False'</arg>
<arg>Check for errors</arg>
</arguments>
<kw name="Check for errors" library="OrderMngmt">
<kw name="Get Element Count" library="SeleniumLibrary">
<doc>Returns the number of elements matching ``locator``.</doc>
<arguments>
<arg>${Errors}</arg>
</arguments>
<assign>
<var>${ErrorCount}</var>
</assign>
<msg timestamp="20201211 13:01:34.159" level="INFO">${ErrorCount} = 0</msg>
<status status="PASS" starttime="20201211 13:01:24.122" endtime="20201211 13:01:34.159"></status>
</kw>
<kw name="Set Test Variable" library="BuiltIn">
<doc>Makes a variable available everywhere within the scope of the current test.</doc>
<arguments>
<arg>${ErrorCount}</arg>
</arguments>
<msg timestamp="20201211 13:01:34.162" level="INFO">${ErrorCount} = 0</msg>
<status status="PASS" starttime="20201211 13:01:34.160" endtime="20201211 13:01:34.162"></status>
</kw>
<kw name="Run Keyword If" library="BuiltIn">
<doc>Runs the given keyword with the given arguments, if ``condition`` is true.</doc>
<arguments>
<arg>${ErrorCount}&gt;1</arg>
<arg>Fail test with multiple error message</arg>
</arguments>
<status status="PASS" starttime="20201211 13:01:34.163" endtime="20201211 13:01:34.163"></status>
</kw>
<kw name="Run Keyword If" library="BuiltIn">
<doc>Runs the given keyword with the given arguments, if ``condition`` is true.</doc>
<arguments>
<arg>${ErrorCount}==1</arg>
<arg>Fail test with single error message</arg>
</arguments>
<status status="PASS" starttime="20201211 13:01:34.164" endtime="20201211 13:01:34.165"></status>
</kw>
<status status="PASS" starttime="20201211 13:01:24.120" endtime="20201211 13:01:34.165"></status>
</kw>
<status status="PASS" starttime="20201211 13:01:24.120" endtime="20201211 13:01:34.165"></status>
</kw>
<kw name="Run Keyword And Return Status" library="BuiltIn">
<doc>Runs the given keyword with given arguments and returns the status as a Boolean value.</doc>
<arguments>
<arg>Element should not be visible</arg>
<arg>${ComplianceCases}</arg>
</arguments>
<assign>
<var>${NoComplianceCases}</var>
</assign>
<kw name="Element Should Not Be Visible" library="SeleniumLibrary">
<doc>Verifies that the element identified by ``locator`` is NOT visible.</doc>
<arguments>
<arg>${ComplianceCases}</arg>
</arguments>
<kw name="Capture Page Screenshot" library="SeleniumLibrary">
<doc>Takes a screenshot of the current page and embeds it into a log file.</doc>
<msg timestamp="20201211 13:01:34.612" level="INFO" html="yes">&lt;/td&gt;&lt;/tr&gt;&lt;tr&gt;&lt;td colspan="3"&gt;&lt;a href="../Test%20Execution/12-11-20_01-00-36-PM/OUBOV_TC_01_Buy%20Put%20Option%20Double%20Knout%20Out%20FXO/selenium-screenshot-2.png"&gt;&lt;img src="../Test%20Execution/12-11-20_01-00-36-PM/OUBOV_TC_01_Buy%20Put%20Option%20Double%20Knout%20Out%20FXO/selenium-screenshot-2.png" width="800px"&gt;&lt;/a&gt;</msg>
<status status="PASS" starttime="20201211 13:01:34.210" endtime="20201211 13:01:34.612"></status>
</kw>
<msg timestamp="20201211 13:01:34.615" level="FAIL">InvalidSelectorException: Message: invalid selector: Unable to locate an element with the xpath expression //table[@id='gdv0i']. because of the following error:
SyntaxError: Failed to execute 'evaluate' on 'Document': The string '//table[@id='gdv0i'].' is not a valid XPath expression.
  (Session info: chrome=87.0.4280.88)
</msg>
<status status="FAIL" starttime="20201211 13:01:34.167" endtime="20201211 13:01:34.615"></status>
</kw>
<msg timestamp="20201211 13:01:34.616" level="INFO">${NoComplianceCases} = False</msg>
<status status="PASS" starttime="20201211 13:01:34.166" endtime="20201211 13:01:34.616"></status>
</kw>
<kw name="Run Keyword If" library="BuiltIn">
<doc>Runs the given keyword with the given arguments, if ``condition`` is true.</doc>
<arguments>
<arg>'${NoComplianceCases}'=='False'</arg>
<arg>Clarify Compliance Cases</arg>
</arguments>
<kw name="Clarify Compliance Cases" library="OrderMngmt">
<kw name="Get Element Count" library="SeleniumLibrary">
<doc>Returns the number of elements matching ``locator``.</doc>
<arguments>
<arg>${CaseCheckbox}</arg>
</arguments>
<assign>
<var>${CaseCount}</var>
</assign>
<msg timestamp="20201211 13:01:34.628" level="INFO">${CaseCount} = 3</msg>
<status status="PASS" starttime="20201211 13:01:34.617" endtime="20201211 13:01:34.628"></status>
</kw>
<kw name="${Counter} IN RANGE [ ${CaseCount} ]" type="for">
<kw name="${Counter} = 0" type="foritem">
<kw name="Evaluate" library="BuiltIn">
<doc>Evaluates the given expression in Python and returns the result.</doc>
<arguments>
<arg>${Counter}+1</arg>
</arguments>
<assign>
<var>${Counter}</var>
</assign>
<msg timestamp="20201211 13:01:34.629" level="INFO">${Counter} = 1</msg>
<status status="PASS" starttime="20201211 13:01:34.629" endtime="20201211 13:01:34.629"></status>
</kw>
<kw name="Exit For Loop If" library="BuiltIn">
<doc>Stops executing the enclosing for loop if the ``condition`` is true.</doc>
<arguments>
<arg>${Counter}&gt;${CaseCount}</arg>
</arguments>
<status status="PASS" starttime="20201211 13:01:34.629" endtime="20201211 13:01:34.629"></status>
</kw>
<kw name="Catenate" library="BuiltIn">
<doc>Catenates the given items together and returns the resulted string.</doc>
<arguments>
<arg>${CaseCheckbox} [${Counter}]</arg>
</arguments>
<assign>
<var>${Casebox}</var>
</assign>
<msg timestamp="20201211 13:01:34.630" level="INFO">${Casebox} = xpath:(//table[@id='gdv0i']//input[@type='checkbox']) [1]</msg>
<status status="PASS" starttime="20201211 13:01:34.630" endtime="20201211 13:01:34.630"></status>
</kw>
<kw name="Click Element" library="SeleniumLibrary">
<doc>Click the element identified by ``locator``.</doc>
<arguments>
<arg>${Casebox}</arg>
</arguments>
<msg timestamp="20201211 13:01:34.630" level="INFO">Clicking element 'xpath:(//table[@id='gdv0i']//input[@type='checkbox']) [1]'.</msg>
<status status="PASS" starttime="20201211 13:01:34.630" endtime="20201211 13:01:34.677"></status>
</kw>
<status status="PASS" starttime="20201211 13:01:34.628" endtime="20201211 13:01:34.677"></status>
</kw>
<kw name="${Counter} = 1" type="foritem">
<kw name="Evaluate" library="BuiltIn">
<doc>Evaluates the given expression in Python and returns the result.</doc>
<arguments>
<arg>${Counter}+1</arg>
</arguments>
<assign>
<var>${Counter}</var>
</assign>
<msg timestamp="20201211 13:01:34.678" level="INFO">${Counter} = 2</msg>
<status status="PASS" starttime="20201211 13:01:34.678" endtime="20201211 13:01:34.678"></status>
</kw>
<kw name="Exit For Loop If" library="BuiltIn">
<doc>Stops executing the enclosing for loop if the ``condition`` is true.</doc>
<arguments>
<arg>${Counter}&gt;${CaseCount}</arg>
</arguments>
<status status="PASS" starttime="20201211 13:01:34.678" endtime="20201211 13:01:34.678"></status>
</kw>
<kw name="Catenate" library="BuiltIn">
<doc>Catenates the given items together and returns the resulted string.</doc>
<arguments>
<arg>${CaseCheckbox} [${Counter}]</arg>
</arguments>
<assign>
<var>${Casebox}</var>
</assign>
<msg timestamp="20201211 13:01:34.679" level="INFO">${Casebox} = xpath:(//table[@id='gdv0i']//input[@type='checkbox']) [2]</msg>
<status status="PASS" starttime="20201211 13:01:34.678" endtime="20201211 13:01:34.679"></status>
</kw>
<kw name="Click Element" library="SeleniumLibrary">
<doc>Click the element identified by ``locator``.</doc>
<arguments>
<arg>${Casebox}</arg>
</arguments>
<msg timestamp="20201211 13:01:34.679" level="INFO">Clicking element 'xpath:(//table[@id='gdv0i']//input[@type='checkbox']) [2]'.</msg>
<status status="PASS" starttime="20201211 13:01:34.679" endtime="20201211 13:01:34.731"></status>
</kw>
<status status="PASS" starttime="20201211 13:01:34.677" endtime="20201211 13:01:34.731"></status>
</kw>
<kw name="${Counter} = 2" type="foritem">
<kw name="Evaluate" library="BuiltIn">
<doc>Evaluates the given expression in Python and returns the result.</doc>
<arguments>
<arg>${Counter}+1</arg>
</arguments>
<assign>
<var>${Counter}</var>
</assign>
<msg timestamp="20201211 13:01:34.732" level="INFO">${Counter} = 3</msg>
<status status="PASS" starttime="20201211 13:01:34.731" endtime="20201211 13:01:34.732"></status>
</kw>
<kw name="Exit For Loop If" library="BuiltIn">
<doc>Stops executing the enclosing for loop if the ``condition`` is true.</doc>
<arguments>
<arg>${Counter}&gt;${CaseCount}</arg>
</arguments>
<status status="PASS" starttime="20201211 13:01:34.732" endtime="20201211 13:01:34.732"></status>
</kw>
<kw name="Catenate" library="BuiltIn">
<doc>Catenates the given items together and returns the resulted string.</doc>
<arguments>
<arg>${CaseCheckbox} [${Counter}]</arg>
</arguments>
<assign>
<var>${Casebox}</var>
</assign>
<msg timestamp="20201211 13:01:34.733" level="INFO">${Casebox} = xpath:(//table[@id='gdv0i']//input[@type='checkbox']) [3]</msg>
<status status="PASS" starttime="20201211 13:01:34.733" endtime="20201211 13:01:34.733"></status>
</kw>
<kw name="Click Element" library="SeleniumLibrary">
<doc>Click the element identified by ``locator``.</doc>
<arguments>
<arg>${Casebox}</arg>
</arguments>
<msg timestamp="20201211 13:01:34.734" level="INFO">Clicking element 'xpath:(//table[@id='gdv0i']//input[@type='checkbox']) [3]'.</msg>
<status status="PASS" starttime="20201211 13:01:34.734" endtime="20201211 13:01:34.780"></status>
</kw>
<status status="PASS" starttime="20201211 13:01:34.731" endtime="20201211 13:01:34.780"></status>
</kw>
<status status="PASS" starttime="20201211 13:01:34.628" endtime="20201211 13:01:34.780"></status>
</kw>
<kw name="Take Screenshot with text" library="Login">
<arguments>
<arg>Compliance Cases – ${CaseCount}</arg>
</arguments>
<kw name="Capture Page Screenshot" library="SeleniumLibrary">
<doc>Takes a screenshot of the current page and embeds it into a log file.</doc>
<arguments>
<arg>${imageName}.png</arg>
</arguments>
<msg timestamp="20201211 13:01:35.196" level="INFO" html="yes">&lt;/td&gt;&lt;/tr&gt;&lt;tr&gt;&lt;td colspan="3"&gt;&lt;a href="../Test%20Execution/12-11-20_01-00-36-PM/OUBOV_TC_01_Buy%20Put%20Option%20Double%20Knout%20Out%20FXO/Compliance%20Cases%20%E2%80%93%203.png"&gt;&lt;img src="../Test%20Execution/12-11-20_01-00-36-PM/OUBOV_TC_01_Buy%20Put%20Option%20Double%20Knout%20Out%20FXO/Compliance%20Cases%20%E2%80%93%203.png" width="800px"&gt;&lt;/a&gt;</msg>
<status status="PASS" starttime="20201211 13:01:34.782" endtime="20201211 13:01:35.196"></status>
</kw>
<kw name="Catenate" library="BuiltIn">
<doc>Catenates the given items together and returns the resulted string.</doc>
<arguments>
<arg>${getfilePath}\\${imageName}</arg>
</arguments>
<assign>
<var>${imagePath}</var>
</assign>
<msg timestamp="20201211 13:01:35.197" level="INFO">${imagePath} = C:\Users\ccordero\Desktop\Work\RobotFramework\Workspace\UOBOneView\Resource\..\Test Execution\12-11-20_01-00-36-PM\OUBOV_TC_01_Buy Put Option Double Knout Out FXO\Compliance Cases – 3</msg>
<status status="PASS" starttime="20201211 13:01:35.196" endtime="20201211 13:01:35.197"></status>
</kw>
<kw name="Put Screenshot With Text" library="ReportMaker">
<arguments>
<arg>${imagePath}</arg>
<arg>${imageName}</arg>
</arguments>
<status status="PASS" starttime="20201211 13:01:35.197" endtime="20201211 13:01:35.200"></status>
</kw>
<status status="PASS" starttime="20201211 13:01:34.780" endtime="20201211 13:01:35.200"></status>
</kw>
<kw name="Click Element" library="SeleniumLibrary">
<doc>Click the element identified by ``locator``.</doc>
<arguments>
<arg>${ClarifyCases}</arg>
</arguments>
<msg timestamp="20201211 13:01:35.201" level="INFO">Clicking element 'id:btn_X_x_1'.</msg>
<status status="PASS" starttime="20201211 13:01:35.201" endtime="20201211 13:01:35.594"></status>
</kw>
<kw name="Input Text" library="SeleniumLibrary">
<doc>Types the given ``text`` into the text field identified by ``locator``.</doc>
<arguments>
<arg>${Reason}</arg>
<arg>Reason to address ${CaseCount} compliance cases</arg>
</arguments>
<msg timestamp="20201211 13:01:35.595" level="INFO">Typing text 'Reason to address 3 compliance cases' into text field 'xpath://textarea[@id='form.reasonC']'.</msg>
<status status="PASS" starttime="20201211 13:01:35.594" endtime="20201211 13:01:35.719"></status>
</kw>
<kw name="Click Element" library="SeleniumLibrary">
<doc>Click the element identified by ``locator``.</doc>
<arguments>
<arg>${SaveCase}</arg>
</arguments>
<msg timestamp="20201211 13:01:35.720" level="INFO">Clicking element 'id:btn_U__14'.</msg>
<status status="PASS" starttime="20201211 13:01:35.719" endtime="20201211 13:01:37.695"></status>
</kw>
<kw name="Take Screenshot with text" library="Login">
<arguments>
<arg>Compliance Cases Resolved</arg>
</arguments>
<kw name="Capture Page Screenshot" library="SeleniumLibrary">
<doc>Takes a screenshot of the current page and embeds it into a log file.</doc>
<arguments>
<arg>${imageName}.png</arg>
</arguments>
<msg timestamp="20201211 13:01:38.091" level="INFO" html="yes">&lt;/td&gt;&lt;/tr&gt;&lt;tr&gt;&lt;td colspan="3"&gt;&lt;a href="../Test%20Execution/12-11-20_01-00-36-PM/OUBOV_TC_01_Buy%20Put%20Option%20Double%20Knout%20Out%20FXO/Compliance%20Cases%20Resolved.png"&gt;&lt;img src="../Test%20Execution/12-11-20_01-00-36-PM/OUBOV_TC_01_Buy%20Put%20Option%20Double%20Knout%20Out%20FXO/Compliance%20Cases%20Resolved.png" width="800px"&gt;&lt;/a&gt;</msg>
<status status="PASS" starttime="20201211 13:01:37.697" endtime="20201211 13:01:38.091"></status>
</kw>
<kw name="Catenate" library="BuiltIn">
<doc>Catenates the given items together and returns the resulted string.</doc>
<arguments>
<arg>${getfilePath}\\${imageName}</arg>
</arguments>
<assign>
<var>${imagePath}</var>
</assign>
<msg timestamp="20201211 13:01:38.092" level="INFO">${imagePath} = C:\Users\ccordero\Desktop\Work\RobotFramework\Workspace\UOBOneView\Resource\..\Test Execution\12-11-20_01-00-36-PM\OUBOV_TC_01_Buy Put Option Double Knout Out FXO\Compliance Cases Resolved</msg>
<status status="PASS" starttime="20201211 13:01:38.091" endtime="20201211 13:01:38.092"></status>
</kw>
<kw name="Put Screenshot With Text" library="ReportMaker">
<arguments>
<arg>${imagePath}</arg>
<arg>${imageName}</arg>
</arguments>
<status status="PASS" starttime="20201211 13:01:38.092" endtime="20201211 13:01:38.096"></status>
</kw>
<status status="PASS" starttime="20201211 13:01:37.696" endtime="20201211 13:01:38.096"></status>
</kw>
<status status="PASS" starttime="20201211 13:01:34.616" endtime="20201211 13:01:38.096"></status>
</kw>
<status status="PASS" starttime="20201211 13:01:34.616" endtime="20201211 13:01:38.096"></status>
</kw>
<status status="PASS" starttime="20201211 13:00:58.121" endtime="20201211 13:01:38.096"></status>
</kw>
<kw name="Submit order" library="OrderMngmt">
<kw name="Click element by jS" library="Login">
<arguments>
<arg>${Submit}</arg>
</arguments>
<kw name="Execute Javascript" library="SeleniumLibrary">
<doc>Executes the given JavaScript code with possible arguments.</doc>
<arguments>
<arg>document.evaluate("${xpath}",document.body,null,9,null).singleNodeValue.click();</arg>
</arguments>
<msg timestamp="20201211 13:01:38.099" level="INFO">Executing JavaScript:
document.evaluate("//button[@id='btn_save_2']",document.body,null,9,null).singleNodeValue.click();
Without any arguments.</msg>
<status status="PASS" starttime="20201211 13:01:38.098" endtime="20201211 13:01:38.106"></status>
</kw>
<status status="PASS" starttime="20201211 13:01:38.097" endtime="20201211 13:01:38.106"></status>
</kw>
<kw name="Handle Alert" library="SeleniumLibrary">
<doc>Handles the current alert and returns its message.</doc>
<arguments>
<arg>ACCEPT</arg>
</arguments>
<status status="PASS" starttime="20201211 13:01:38.107" endtime="20201211 13:01:38.112"></status>
</kw>
<status status="PASS" starttime="20201211 13:01:38.096" endtime="20201211 13:01:38.113"></status>
</kw>
<kw name="View FX Option order" library="OrderMngmt">
<kw name="Get Text" library="SeleniumLibrary">
<doc>Returns the text value of the element identified by ``locator``.</doc>
<arguments>
<arg>${ViewInstrument}</arg>
</arguments>
<assign>
<var>${Instrument_WUI}</var>
</assign>
<msg timestamp="20201211 13:01:40.282" level="INFO">${Instrument_WUI} = 041220_FXO_USDAUD_15163</msg>
<status status="PASS" starttime="20201211 13:01:38.114" endtime="20201211 13:01:40.282"></status>
</kw>
<kw name="Get Text" library="SeleniumLibrary">
<doc>Returns the text value of the element identified by ``locator``.</doc>
<arguments>
<arg>${ViewTradeDate}</arg>
</arguments>
<assign>
<var>${ViewTradeDate_WUI}</var>
</assign>
<msg timestamp="20201211 13:01:40.307" level="INFO">${ViewTradeDate_WUI} = Dec 11, 2020</msg>
<status status="PASS" starttime="20201211 13:01:40.282" endtime="20201211 13:01:40.307"></status>
</kw>
<kw name="Get Text" library="SeleniumLibrary">
<doc>Returns the text value of the element identified by ``locator``.</doc>
<arguments>
<arg>${ViewExpiryDate}</arg>
</arguments>
<assign>
<var>${ViewExpiryDate_WUI}</var>
</assign>
<msg timestamp="20201211 13:01:40.335" level="INFO">${ViewExpiryDate_WUI} = Dec 11, 2020</msg>
<status status="PASS" starttime="20201211 13:01:40.308" endtime="20201211 13:01:40.335"></status>
</kw>
<kw name="Get Text" library="SeleniumLibrary">
<doc>Returns the text value of the element identified by ``locator``.</doc>
<arguments>
<arg>${ViewOption}</arg>
</arguments>
<assign>
<var>${ViewOption_WUI}</var>
</assign>
<msg timestamp="20201211 13:01:40.356" level="INFO">${ViewOption_WUI} = Put</msg>
<status status="PASS" starttime="20201211 13:01:40.335" endtime="20201211 13:01:40.356"></status>
</kw>
<kw name="Get Text" library="SeleniumLibrary">
<doc>Returns the text value of the element identified by ``locator``.</doc>
<arguments>
<arg>${ViewStrikePrice}</arg>
</arguments>
<assign>
<var>${ViewStrikePrice_WUI}</var>
</assign>
<msg timestamp="20201211 13:01:40.378" level="INFO">${ViewStrikePrice_WUI} = 123.00000000</msg>
<status status="PASS" starttime="20201211 13:01:40.356" endtime="20201211 13:01:40.378"></status>
</kw>
<kw name="Get Text" library="SeleniumLibrary">
<doc>Returns the text value of the element identified by ``locator``.</doc>
<arguments>
<arg>${ViewCallCurrency}</arg>
</arguments>
<assign>
<var>${ViewCallCurrency_WUI}</var>
</assign>
<msg timestamp="20201211 13:01:40.399" level="INFO">${ViewCallCurrency_WUI} = AUD</msg>
<status status="PASS" starttime="20201211 13:01:40.378" endtime="20201211 13:01:40.399"></status>
</kw>
<kw name="Get Text" library="SeleniumLibrary">
<doc>Returns the text value of the element identified by ``locator``.</doc>
<arguments>
<arg>${ViewPutCurrency}</arg>
</arguments>
<assign>
<var>${ViewPutCurrency_WUI}</var>
</assign>
<msg timestamp="20201211 13:01:40.420" level="INFO">${ViewPutCurrency_WUI} = USD</msg>
<status status="PASS" starttime="20201211 13:01:40.399" endtime="20201211 13:01:40.421"></status>
</kw>
<kw name="Get Text" library="SeleniumLibrary">
<doc>Returns the text value of the element identified by ``locator``.</doc>
<arguments>
<arg>${ViewTranscationCode}</arg>
</arguments>
<assign>
<var>${ViewTranscationCode_WUI}</var>
</assign>
<msg timestamp="20201211 13:01:40.442" level="INFO">${ViewTranscationCode_WUI} = A88-5132020-10000700</msg>
<status status="PASS" starttime="20201211 13:01:40.421" endtime="20201211 13:01:40.442"></status>
</kw>
<kw name="Take Screenshot with text" library="Login">
<arguments>
<arg>Order Transaction Code ${ViewTranscationCode_WUI}</arg>
</arguments>
<kw name="Capture Page Screenshot" library="SeleniumLibrary">
<doc>Takes a screenshot of the current page and embeds it into a log file.</doc>
<arguments>
<arg>${imageName}.png</arg>
</arguments>
<msg timestamp="20201211 13:01:40.781" level="INFO" html="yes">&lt;/td&gt;&lt;/tr&gt;&lt;tr&gt;&lt;td colspan="3"&gt;&lt;a href="../Test%20Execution/12-11-20_01-00-36-PM/OUBOV_TC_01_Buy%20Put%20Option%20Double%20Knout%20Out%20FXO/Order%20Transaction%20Code%20A88-5132020-10000700.png"&gt;&lt;img src="../Test%20Execution/12-11-20_01-00-36-PM/OUBOV_TC_01_Buy%20Put%20Option%20Double%20Knout%20Out%20FXO/Order%20Transaction%20Code%20A88-5132020-10000700.png" width="800px"&gt;&lt;/a&gt;</msg>
<status status="PASS" starttime="20201211 13:01:40.443" endtime="20201211 13:01:40.781"></status>
</kw>
<kw name="Catenate" library="BuiltIn">
<doc>Catenates the given items together and returns the resulted string.</doc>
<arguments>
<arg>${getfilePath}\\${imageName}</arg>
</arguments>
<assign>
<var>${imagePath}</var>
</assign>
<msg timestamp="20201211 13:01:40.781" level="INFO">${imagePath} = C:\Users\ccordero\Desktop\Work\RobotFramework\Workspace\UOBOneView\Resource\..\Test Execution\12-11-20_01-00-36-PM\OUBOV_TC_01_Buy Put Option Double Knout Out FXO\Order Transaction Code A88-5132020-10...</msg>
<status status="PASS" starttime="20201211 13:01:40.781" endtime="20201211 13:01:40.781"></status>
</kw>
<kw name="Put Screenshot With Text" library="ReportMaker">
<arguments>
<arg>${imagePath}</arg>
<arg>${imageName}</arg>
</arguments>
<status status="PASS" starttime="20201211 13:01:40.782" endtime="20201211 13:01:40.786"></status>
</kw>
<status status="PASS" starttime="20201211 13:01:40.442" endtime="20201211 13:01:40.786"></status>
</kw>
<kw name="Set Suite Variable" library="BuiltIn">
<doc>Makes a variable available everywhere within the scope of the current suite.</doc>
<arguments>
<arg>${Instrument_WUI}</arg>
</arguments>
<msg timestamp="20201211 13:01:40.787" level="INFO">${Instrument_WUI} = 041220_FXO_USDAUD_15163</msg>
<status status="PASS" starttime="20201211 13:01:40.786" endtime="20201211 13:01:40.787"></status>
</kw>
<kw name="Set Suite Variable" library="BuiltIn">
<doc>Makes a variable available everywhere within the scope of the current suite.</doc>
<arguments>
<arg>${ViewTradeDate_WUI}</arg>
</arguments>
<msg timestamp="20201211 13:01:40.787" level="INFO">${ViewTradeDate_WUI} = Dec 11, 2020</msg>
<status status="PASS" starttime="20201211 13:01:40.787" endtime="20201211 13:01:40.788"></status>
</kw>
<kw name="Set Suite Variable" library="BuiltIn">
<doc>Makes a variable available everywhere within the scope of the current suite.</doc>
<arguments>
<arg>${ViewExpiryDate_WUI}</arg>
</arguments>
<msg timestamp="20201211 13:01:40.788" level="INFO">${ViewExpiryDate_WUI} = Dec 11, 2020</msg>
<status status="PASS" starttime="20201211 13:01:40.788" endtime="20201211 13:01:40.788"></status>
</kw>
<kw name="Set Suite Variable" library="BuiltIn">
<doc>Makes a variable available everywhere within the scope of the current suite.</doc>
<arguments>
<arg>${ViewOption_WUI}</arg>
</arguments>
<msg timestamp="20201211 13:01:40.789" level="INFO">${ViewOption_WUI} = Put</msg>
<status status="PASS" starttime="20201211 13:01:40.788" endtime="20201211 13:01:40.789"></status>
</kw>
<kw name="Set Suite Variable" library="BuiltIn">
<doc>Makes a variable available everywhere within the scope of the current suite.</doc>
<arguments>
<arg>${ViewStrikePrice_WUI}</arg>
</arguments>
<msg timestamp="20201211 13:01:40.789" level="INFO">${ViewStrikePrice_WUI} = 123.00000000</msg>
<status status="PASS" starttime="20201211 13:01:40.789" endtime="20201211 13:01:40.789"></status>
</kw>
<kw name="Set Suite Variable" library="BuiltIn">
<doc>Makes a variable available everywhere within the scope of the current suite.</doc>
<arguments>
<arg>${ViewCallCurrency_WUI}</arg>
</arguments>
<msg timestamp="20201211 13:01:40.790" level="INFO">${ViewCallCurrency_WUI} = AUD</msg>
<status status="PASS" starttime="20201211 13:01:40.789" endtime="20201211 13:01:40.790"></status>
</kw>
<kw name="Set Suite Variable" library="BuiltIn">
<doc>Makes a variable available everywhere within the scope of the current suite.</doc>
<arguments>
<arg>${ViewPutCurrency_WUI}</arg>
</arguments>
<msg timestamp="20201211 13:01:40.790" level="INFO">${ViewPutCurrency_WUI} = USD</msg>
<status status="PASS" starttime="20201211 13:01:40.790" endtime="20201211 13:01:40.790"></status>
</kw>
<status status="PASS" starttime="20201211 13:01:38.113" endtime="20201211 13:01:40.790"></status>
</kw>
<status status="PASS" starttime="20201211 13:00:54.809" endtime="20201211 13:01:40.791"></status>
</kw>
<kw name="Login as 'Credit User 1' in UOB OneView" library="LoginKeywords">
<kw name="Open new browser tab to UOB OneView" library="Login">
<kw name="Execute Javascript" library="SeleniumLibrary">
<doc>Executes the given JavaScript code with possible arguments.</doc>
<arguments>
<arg>window.open('')</arg>
</arguments>
[...]
</kw>
<kw name="Input Text" library="SeleniumLibrary">
<doc>Types the given ``text`` into the text field identified by ``locator``.</doc>
<arguments>
<arg>${UsernameInputBox}</arg>
<arg>${OUBOVUsername}</arg>
</arguments>
<msg timestamp="20201211 13:03:49.024" level="INFO">Typing text 'credit_user2' into text field 'name:j_username'.</msg>
<status status="PASS" starttime="20201211 13:03:49.023" endtime="20201211 13:03:49.114"></status>
</kw>
<kw name="Click Element" library="SeleniumLibrary">
<doc>Click the element identified by ``locator``.</doc>
<arguments>
<arg>${Password}</arg>
</arguments>
<msg timestamp="20201211 13:03:49.115" level="INFO">Clicking element 'xpath://span[contains(text(), 'Password')]'.</msg>
<status status="PASS" starttime="20201211 13:03:49.115" endtime="20201211 13:03:49.163"></status>
</kw>
<kw name="Input Password" library="SeleniumLibrary">
<doc>Types the given password into the text field identified by ``locator``.</doc>
<arguments>
<arg>${PasswordInputBox}</arg>
<arg>${OUBOVPassword}</arg>
</arguments>
<msg timestamp="20201211 13:03:49.164" level="INFO">Typing password into text field 'name:j_password'.</msg>
<msg timestamp="20201211 13:03:49.203" level="INFO">Temporally setting log level to: NONE</msg>
<msg timestamp="20201211 13:03:49.233" level="INFO">Log level changed from NONE to INFO.</msg>
<status status="PASS" starttime="20201211 13:03:49.164" endtime="20201211 13:03:49.233"></status>
</kw>
<kw name="Click Button" library="SeleniumLibrary">
<doc>Clicks the button identified by ``locator``.</doc>
<arguments>
<arg>${LoginButton}</arg>
</arguments>
<msg timestamp="20201211 13:03:49.233" level="INFO">Clicking button 'id:proceed'.</msg>
<status status="PASS" starttime="20201211 13:03:49.233" endtime="20201211 13:03:53.055"></status>
</kw>
<kw name="Wait Until Element Is Not Visible" library="SeleniumLibrary">
<doc>Waits until the element ``locator`` is not visible.</doc>
<arguments>
<arg>${loadingIndicator}</arg>
<arg>60s</arg>
</arguments>
<status status="PASS" starttime="20201211 13:03:53.055" endtime="20201211 13:04:03.089"></status>
</kw>
<kw name="Set Test Variable" library="BuiltIn">
<doc>Makes a variable available everywhere within the scope of the current test.</doc>
<arguments>
<arg>${OUBOVUsername}</arg>
</arguments>
<msg timestamp="20201211 13:04:03.090" level="INFO">${OUBOVUsername} = credit_user2</msg>
<status status="PASS" starttime="20201211 13:04:03.090" endtime="20201211 13:04:03.090"></status>
</kw>
<kw name="Set Test Variable" library="BuiltIn">
<doc>Makes a variable available everywhere within the scope of the current test.</doc>
<arguments>
<arg>${userType}</arg>
</arguments>
<msg timestamp="20201211 13:04:03.091" level="INFO">${userType} = Credit User 2</msg>
<status status="PASS" starttime="20201211 13:04:03.091" endtime="20201211 13:04:03.091"></status>
</kw>
<kw name="Take Screenshot with text" library="Login">
<arguments>
<arg>Signed in as ${userType}</arg>
</arguments>
<kw name="Capture Page Screenshot" library="SeleniumLibrary">
<doc>Takes a screenshot of the current page and embeds it into a log file.</doc>
<arguments>
<arg>${imageName}.png</arg>
</arguments>
<msg timestamp="20201211 13:04:03.466" level="INFO" html="yes">&lt;/td&gt;&lt;/tr&gt;&lt;tr&gt;&lt;td colspan="3"&gt;&lt;a href="../Test%20Execution/12-11-20_01-00-36-PM/OUBOV_TC_02_Sell%20Call%20Option%20Double%20Knout%20In%20FXO/Signed%20in%20as%20Credit%20User%202.png"&gt;&lt;img src="../Test%20Execution/12-11-20_01-00-36-PM/OUBOV_TC_02_Sell%20Call%20Option%20Double%20Knout%20In%20FXO/Signed%20in%20as%20Credit%20User%202.png" width="800px"&gt;&lt;/a&gt;</msg>
<status status="PASS" starttime="20201211 13:04:03.093" endtime="20201211 13:04:03.466"></status>
</kw>
<kw name="Catenate" library="BuiltIn">
<doc>Catenates the given items together and returns the resulted string.</doc>
<arguments>
<arg>${getfilePath}\\${imageName}</arg>
</arguments>
<assign>
<var>${imagePath}</var>
</assign>
<msg timestamp="20201211 13:04:03.467" level="INFO">${imagePath} = C:\Users\ccordero\Desktop\Work\RobotFramework\Workspace\UOBOneView\Resource\..\Test Execution\12-11-20_01-00-36-PM\OUBOV_TC_02_Sell Call Option Double Knout In FXO\Signed in as Credit User 2</msg>
<status status="PASS" starttime="20201211 13:04:03.466" endtime="20201211 13:04:03.467"></status>
</kw>
<kw name="Put Screenshot With Text" library="ReportMaker">
<arguments>
<arg>${imagePath}</arg>
<arg>${imageName}</arg>
</arguments>
<status status="PASS" starttime="20201211 13:04:03.467" endtime="20201211 13:04:03.472"></status>
</kw>
<status status="PASS" starttime="20201211 13:04:03.091" endtime="20201211 13:04:03.472"></status>
</kw>
<status status="PASS" starttime="20201211 13:03:48.917" endtime="20201211 13:04:03.473"></status>
</kw>
<status status="PASS" starttime="20201211 13:03:42.090" endtime="20201211 13:04:03.473"></status>
</kw>
<kw name="Validate that created transaction was reflected" library="MonitoringKeywords">
<kw name="Go to Liabilities screen" library="Monitoring">
<kw name="Get Cell Text" library="Utilities">
<doc> get cell text using row heading and column heading index and trim as needed
 Example:
| Get Cell Text  | excelPATH |  sheet1  | Admin  |  UserName |
| Get Cell Text  | excelPATH |  sheet1  | Admin  |  UserName |   3</doc>
<arguments>
<arg>${testdata}</arg>
<arg>OUBOV_TC_01</arg>
<arg>Portfolio</arg>
<arg>Test Data 1</arg>
</arguments>
<assign>
<var>${Portfolio_testData}</var>
</assign>
<msg timestamp="20201211 13:04:03.487" level="INFO">${Portfolio_testData} = 88-5132020-18</msg>
<status status="PASS" starttime="20201211 13:04:03.475" endtime="20201211 13:04:03.487"></status>
</kw>
<kw name="Get Cell Text" library="Utilities">
<doc> get cell text using row heading and column heading index and trim as needed
 Example:
| Get Cell Text  | excelPATH |  sheet1  | Admin  |  UserName |
| Get Cell Text  | excelPATH |  sheet1  | Admin  |  UserName |   3</doc>
<arguments>
<arg>${testdata}</arg>
<arg>OUBOV_TC_01</arg>
<arg>Portfolio</arg>
<arg>Test Data 2</arg>
</arguments>
<assign>
<var>${PtfClientName_testData}</var>
</assign>
<msg timestamp="20201211 13:04:03.499" level="INFO">${PtfClientName_testData} = DENOM.990004862193TEST</msg>
<status status="PASS" starttime="20201211 13:04:03.487" endtime="20201211 13:04:03.499"></status>
</kw>
<kw name="Get Cell Text" library="Utilities">
<doc> get cell text using row heading and column heading index and trim as needed
 Example:
| Get Cell Text  | excelPATH |  sheet1  | Admin  |  UserName |
| Get Cell Text  | excelPATH |  sheet1  | Admin  |  UserName |   3</doc>
<arguments>
<arg>${testdata}</arg>
<arg>OUBOV_TC_01</arg>
<arg>Portfolio</arg>
<arg>Test Data 3</arg>
</arguments>
<assign>
<var>${PtfFacilityPackage_testData}</var>
</assign>
<msg timestamp="20201211 13:04:03.511" level="INFO">${PtfFacilityPackage_testData} = GENERIC</msg>
<status status="PASS" starttime="20201211 13:04:03.499" endtime="20201211 13:04:03.511"></status>
</kw>
<kw name="Catenate" library="BuiltIn">
<doc>Catenates the given items together and returns the resulted string.</doc>
<arguments>
<arg>${BaseURL}${Liab}</arg>
</arguments>
<assign>
<var>${link1}</var>
</assign>
<msg timestamp="20201211 13:04:03.512" level="INFO">${link1} = http://172.31.26.44:8080/OACredit/script/getLiabilitiesByPortfolio?</msg>
<status status="PASS" starttime="20201211 13:04:03.512" endtime="20201211 13:04:03.512"></status>
</kw>
<kw name="Catenate" library="BuiltIn">
<doc>Catenates the given items together and returns the resulted string.</doc>
<arguments>
<arg>${PtfCode}${Portfolio_testData}</arg>
</arguments>
<assign>
<var>${link2}</var>
</assign>
<msg timestamp="20201211 13:04:03.512" level="INFO">${link2} = portfolioCode=88-5132020-18</msg>
<status status="PASS" starttime="20201211 13:04:03.512" endtime="20201211 13:04:03.512"></status>
</kw>
<kw name="Catenate" library="BuiltIn">
<doc>Catenates the given items together and returns the resulted string.</doc>
<arguments>
<arg>${PtfClientName}${PtfClientName_testData}</arg>
</arguments>
<assign>
<var>${link3}</var>
</assign>
<msg timestamp="20201211 13:04:03.513" level="INFO">${link3} = &amp;clientName=DENOM.990004862193TEST</msg>
<status status="PASS" starttime="20201211 13:04:03.512" endtime="20201211 13:04:03.513"></status>
</kw>
<kw name="Catenate" library="BuiltIn">
<doc>Catenates the given items together and returns the resulted string.</doc>
<arguments>
<arg>${PtfFacilityPackage}${PtfFacilityPackage_testData}</arg>
</arguments>
<assign>
<var>${link4}</var>
</assign>
<msg timestamp="20201211 13:04:03.513" level="INFO">${link4} = &amp;facilityPackage=GENERIC</msg>
<status status="PASS" starttime="20201211 13:04:03.513" endtime="20201211 13:04:03.513"></status>
</kw>
<kw name="Catenate" library="BuiltIn">
<doc>Catenates the given items together and returns the resulted string.</doc>
<arguments>
<arg>${link1}${link2}${link3}${link4}</arg>
</arguments>
<assign>
<var>${LiabScreenURL}</var>
</assign>
<msg timestamp="20201211 13:04:03.514" level="INFO">${LiabScreenURL} = http://172.31.26.44:8080/OACredit/script/getLiabilitiesByPortfolio?portfolioCode=88-5132020-18&amp;clientName=DENOM.990004862193TEST&amp;facilityPackage=GENERIC</msg>
<status status="PASS" starttime="20201211 13:04:03.513" endtime="20201211 13:04:03.514"></status>
</kw>
<kw name="Go To" library="SeleniumLibrary">
<doc>Navigates the current browser window to the provided ``url``.</doc>
<arguments>
<arg>${LiabScreenURL}</arg>
</arguments>
<msg timestamp="20201211 13:04:03.514" level="INFO">Opening url 'http://172.31.26.44:8080/OACredit/script/getLiabilitiesByPortfolio?portfolioCode=88-5132020-18&amp;clientName=DENOM.990004862193TEST&amp;facilityPackage=GENERIC'</msg>
<status status="PASS" starttime="20201211 13:04:03.514" endtime="20201211 13:04:04.271"></status>
</kw>
<kw name="Wait Until Element Is Not Visible" library="SeleniumLibrary">
<doc>Waits until the element ``locator`` is not visible.</doc>
<arguments>
<arg>${loadingText}</arg>
<arg>30s</arg>
</arguments>
<status status="PASS" starttime="20201211 13:04:04.271" endtime="20201211 13:04:18.561"></status>
</kw>
<kw name="Take Screenshot with text" library="Login">
<arguments>
<arg>Liabilities screen</arg>
</arguments>
<kw name="Capture Page Screenshot" library="SeleniumLibrary">
<doc>Takes a screenshot of the current page and embeds it into a log file.</doc>
<arguments>
<arg>${imageName}.png</arg>
</arguments>
<msg timestamp="20201211 13:04:18.981" level="INFO" html="yes">&lt;/td&gt;&lt;/tr&gt;&lt;tr&gt;&lt;td colspan="3"&gt;&lt;a href="../Test%20Execution/12-11-20_01-00-36-PM/OUBOV_TC_02_Sell%20Call%20Option%20Double%20Knout%20In%20FXO/Liabilities%20screen.png"&gt;&lt;img src="../Test%20Execution/12-11-20_01-00-36-PM/OUBOV_TC_02_Sell%20Call%20Option%20Double%20Knout%20In%20FXO/Liabilities%20screen.png" width="800px"&gt;&lt;/a&gt;</msg>
<status status="PASS" starttime="20201211 13:04:18.566" endtime="20201211 13:04:18.982"></status>
</kw>
<kw name="Catenate" library="BuiltIn">
<doc>Catenates the given items together and returns the resulted string.</doc>
<arguments>
<arg>${getfilePath}\\${imageName}</arg>
</arguments>
<assign>
<var>${imagePath}</var>
</assign>
<msg timestamp="20201211 13:04:18.982" level="INFO">${imagePath} = C:\Users\ccordero\Desktop\Work\RobotFramework\Workspace\UOBOneView\Resource\..\Test Execution\12-11-20_01-00-36-PM\OUBOV_TC_02_Sell Call Option Double Knout In FXO\Liabilities screen</msg>
<status status="PASS" starttime="20201211 13:04:18.982" endtime="20201211 13:04:18.982"></status>
</kw>
<kw name="Put Screenshot With Text" library="ReportMaker">
<arguments>
<arg>${imagePath}</arg>
<arg>${imageName}</arg>
</arguments>
<status status="PASS" starttime="20201211 13:04:18.982" endtime="20201211 13:04:18.988"></status>
</kw>
<status status="PASS" starttime="20201211 13:04:18.562" endtime="20201211 13:04:18.988"></status>
</kw>
<status status="PASS" starttime="20201211 13:04:03.474" endtime="20201211 13:04:18.988"></status>
</kw>
<kw name="Validate transaction" library="Monitoring">
<kw name="Catenate" library="BuiltIn">
<doc>Catenates the given items together and returns the resulted string.</doc>
<arguments>
<arg>${Xpath_span}${Instrument_WUI}')]</arg>
</arguments>
<assign>
<var>${Inst_xpath}</var>
</assign>
<msg timestamp="20201211 13:04:18.990" level="INFO">${Inst_xpath} = xpath://span[contains(text(),'041220_FXO_EURUSD_15169')]</msg>
<status status="PASS" starttime="20201211 13:04:18.989" endtime="20201211 13:04:18.990"></status>
</kw>
<kw name="Catenate" library="BuiltIn">
<doc>Catenates the given items together and returns the resulted string.</doc>
<arguments>
<arg>${Xpath_js}${Instrument_WUI}')]</arg>
</arguments>
<assign>
<var>${Inst_xpathjs}</var>
</assign>
<msg timestamp="20201211 13:04:18.990" level="INFO">${Inst_xpathjs} = //span[contains(text(),'041220_FXO_EURUSD_15169')]</msg>
<status status="PASS" starttime="20201211 13:04:18.990" endtime="20201211 13:04:18.990"></status>
</kw>
<kw name="Focus element into view by jS" library="Login">
<arguments>
<arg>${Inst_xpathjs}</arg>
</arguments>
<kw name="Execute Javascript" library="SeleniumLibrary">
<doc>Executes the given JavaScript code with possible arguments.</doc>
<arguments>
<arg>window.document.evaluate("${xpath}", document, null, XPathResult.FIRST_ORDERED_NODE_TYPE, null).singleNodeValue.scrollIntoView(true);</arg>
</arguments>
<msg timestamp="20201211 13:04:18.992" level="INFO">Executing JavaScript:
window.document.evaluate("//span[contains(text(),'041220_FXO_EURUSD_15169')]", document, null, XPathResult.FIRST_ORDERED_NODE_TYPE, null).singleNodeValue.scrollIntoView(true);
Without any arguments.</msg>
<status status="PASS" starttime="20201211 13:04:18.991" endtime="20201211 13:04:19.041"></status>
</kw>
<status status="PASS" starttime="20201211 13:04:18.990" endtime="20201211 13:04:19.041"></status>
</kw>
<kw name="Run Keyword And Return Status" library="BuiltIn">
<doc>Runs the given keyword with given arguments and returns the status as a Boolean value.</doc>
<arguments>
<arg>Element should be visible</arg>
<arg>${Inst_xpath}</arg>
</arguments>
<assign>
<var>${InstXpathVisible}</var>
</assign>
<kw name="Element Should Be Visible" library="SeleniumLibrary">
<doc>Verifies that the element identified by ``locator`` is visible.</doc>
<arguments>
<arg>${Inst_xpath}</arg>
</arguments>
<msg timestamp="20201211 13:04:19.071" level="INFO">Element 'xpath://span[contains(text(),'041220_FXO_EURUSD_15169')]' is displayed.</msg>
<status status="PASS" starttime="20201211 13:04:19.042" endtime="20201211 13:04:19.072"></status>
</kw>
<msg timestamp="20201211 13:04:19.072" level="INFO">${InstXpathVisible} = True</msg>
<status status="PASS" starttime="20201211 13:04:19.041" endtime="20201211 13:04:19.072"></status>
</kw>
<kw name="Run Keyword If" library="BuiltIn">
<doc>Runs the given keyword with the given arguments, if ``condition`` is true.</doc>
<arguments>
<arg>'${InstXpathVisible}'=='True'</arg>
<arg>Run keywords</arg>
<arg>Set test message</arg>
<arg>${Instrument_WUI} is displayed</arg>
<arg>AND</arg>
<arg>Take Screenshot with text</arg>
<arg>Instrument ${Instrument_WUI} is displayed</arg>
<arg>ELSE</arg>
<arg>Fail</arg>
<arg>Instrument ${Instrument_WUI} is not displayed</arg>
</arguments>
<kw name="Run Keywords" library="BuiltIn">
<doc>Executes all the given keywords in a sequence.</doc>
<arguments>
<arg>Set test message</arg>
<arg>${Instrument_WUI} is displayed</arg>
<arg>AND</arg>
<arg>Take Screenshot with text</arg>
<arg>Instrument ${Instrument_WUI} is displayed</arg>
</arguments>
<kw name="Set Test Message" library="BuiltIn">
<doc>Sets message for the current test case.</doc>
<arguments>
<arg>${Instrument_WUI} is displayed</arg>
</arguments>
<msg timestamp="20201211 13:04:19.073" level="INFO">Set test message to:
041220_FXO_EURUSD_15169 is displayed</msg>
<status status="PASS" starttime="20201211 13:04:19.073" endtime="20201211 13:04:19.073"></status>
</kw>
<kw name="Take Screenshot with text" library="Login">
<arguments>
<arg>Instrument ${Instrument_WUI} is displayed</arg>
</arguments>
<kw name="Capture Page Screenshot" library="SeleniumLibrary">
<doc>Takes a screenshot of the current page and embeds it into a log file.</doc>
<arguments>
<arg>${imageName}.png</arg>
</arguments>
<msg timestamp="20201211 13:04:19.480" level="INFO" html="yes">&lt;/td&gt;&lt;/tr&gt;&lt;tr&gt;&lt;td colspan="3"&gt;&lt;a href="../Test%20Execution/12-11-20_01-00-36-PM/OUBOV_TC_02_Sell%20Call%20Option%20Double%20Knout%20In%20FXO/Instrument%20041220_FXO_EURUSD_15169%20is%20displayed.png"&gt;&lt;img src="../Test%20Execution/12-11-20_01-00-36-PM/OUBOV_TC_02_Sell%20Call%20Option%20Double%20Knout%20In%20FXO/Instrument%20041220_FXO_EURUSD_15169%20is%20displayed.png" width="800px"&gt;&lt;/a&gt;</msg>
<status status="PASS" starttime="20201211 13:04:19.075" endtime="20201211 13:04:19.480"></status>
</kw>
<kw name="Catenate" library="BuiltIn">
<doc>Catenates the given items together and returns the resulted string.</doc>
<arguments>
<arg>${getfilePath}\\${imageName}</arg>
</arguments>
<assign>
<var>${imagePath}</var>
</assign>
<msg timestamp="20201211 13:04:19.480" level="INFO">${imagePath} = C:\Users\ccordero\Desktop\Work\RobotFramework\Workspace\UOBOneView\Resource\..\Test Execution\12-11-20_01-00-36-PM\OUBOV_TC_02_Sell Call Option Double Knout In FXO\Instrument 041220_FXO_EURUSD_15169 i...</msg>
<status status="PASS" starttime="20201211 13:04:19.480" endtime="20201211 13:04:19.480"></status>
</kw>
<kw name="Put Screenshot With Text" library="ReportMaker">
<arguments>
<arg>${imagePath}</arg>
<arg>${imageName}</arg>
</arguments>
<status status="PASS" starttime="20201211 13:04:19.481" endtime="20201211 13:04:19.487"></status>
</kw>
<status status="PASS" starttime="20201211 13:04:19.073" endtime="20201211 13:04:19.488"></status>
</kw>
<status status="PASS" starttime="20201211 13:04:19.073" endtime="20201211 13:04:19.488"></status>
</kw>
<status status="PASS" starttime="20201211 13:04:19.072" endtime="20201211 13:04:19.488"></status>
</kw>
<status status="PASS" starttime="20201211 13:04:18.988" endtime="20201211 13:04:19.488"></status>
</kw>
<status status="PASS" starttime="20201211 13:04:03.473" endtime="20201211 13:04:19.488"></status>
</kw>
<kw name="Handle Teardown" library="Login" type="teardown">
<kw name="Close Browser" library="SeleniumLibrary">
<doc>Closes the current browser.</doc>
<status status="PASS" starttime="20201211 13:04:19.490" endtime="20201211 13:04:21.864"></status>
</kw>
<kw name="Save Document Teardown" library="Login">
<kw name="Save Document" library="ReportMaker">
<arguments>
<arg>${getFilePath}</arg>
</arguments>
<status status="PASS" starttime="20201211 13:04:21.870" endtime="20201211 13:04:21.969"></status>
</kw>
<status status="PASS" starttime="20201211 13:04:21.864" endtime="20201211 13:04:21.969"></status>
</kw>
<status status="PASS" starttime="20201211 13:04:19.489" endtime="20201211 13:04:21.969"></status>
</kw>
<doc>This test case validates that a Sell Call Option Double Knout In FXO transaction created
in UOB WUI was reflected in UOB OneView after successful transaction</doc>
<tags>
<tag>All</tag>
<tag>DKI</tag>
<tag>FXO</tag>
<tag>SIT</tag>
</tags>
<status status="PASS" starttime="20201211 13:02:39.151" endtime="20201211 13:04:21.970">041220_FXO_EURUSD_15169 is displayed</status>
</test>
<status status="PASS" starttime="20201211 13:00:36.083" endtime="20201211 13:04:21.972"></status>
</suite>
<statistics>
<total>
<stat pass="2" fail="0" skip="0">All Tests</stat>
</total>
<tag>
<stat pass="2" fail="0" skip="0">All</stat>
<stat pass="1" fail="0" skip="0">DKI</stat>
<stat pass="1" fail="0" skip="0">DKO</stat>
<stat pass="2" fail="0" skip="0">FXO</stat>
<stat pass="2" fail="0" skip="0">SIT</stat>
</tag>
<suite>
<stat pass="2" fail="0" skip="0" id="s1" name="FunctionalTestCases">FunctionalTestCases</stat>
</suite>
</statistics>
<errors>
</errors>
</robot>
